Not using distributed mode
Namespace(model='resnet18', dataset_name='cifar10', data_path='data/cifar10', output_dir='../model_training_results/cifar10_resnet18', print_freq=10, device='cuda', batch_size=128, epochs=201, workers=4, test_only=False, use_deterministic_algorithms=False, interpolation='bilinear', val_resize_size=32, val_crop_size=32, train_crop_size=32, backend='pil', use_v2=False, auto_augment=None, ra_magnitude=9, augmix_severity=3, random_erase=0.0, label_smoothing=0.0, mixup_alpha=0.0, cutmix_alpha=0.0, opt='sgd', lr=0.1, momentum=0.9, weight_decay=0.0005, lr_scheduler='cosineannealinglr', lr_warmup_epochs=0, lr_warmup_method='constant', lr_warmup_decay=0.01, lr_step_size=30, lr_gamma=0.1, lr_min=0.0, clip_grad_norm=None, resume='../model_training_results/cifar10_resnet18/checkpoint.pth', weights=None, model_ema=False, model_ema_steps=32, model_ema_decay=0.99998, cache_dataset=False, sync_bn=False, world_size=1, dist_url='env://', amp=False, norm_weight_decay=None, bias_weight_decay=None, transformer_embedding_decay=None, ra_sampler=False, ra_reps=3, start_epoch=0, distributed=False)
Loading CIFAR10 data from data/cifar10
Start Downloading CIFAR10
Took 1.683584451675415
Took 1.237016201019287
Creating data loaders
Creating model
Start training
Epoch: [200]  [  0/391]  eta: 0:09:14  lr: 0.05000000000000005  img/s: 103.07718324656385  loss: 0.3664 (0.3664)  acc1: 85.9375 (85.9375)  acc5: 100.0000 (100.0000)  time: 1.4173  data: 0.1754  max mem: 1793
Epoch: [200]  [ 10/391]  eta: 0:00:55  lr: 0.05000000000000005  img/s: 4890.470053471065  loss: 0.3953 (0.4223)  acc1: 84.3750 (85.7244)  acc5: 99.2188 (99.4318)  time: 0.1460  data: 0.0162  max mem: 1793
Epoch: [200]  [ 20/391]  eta: 0:00:32  lr: 0.05000000000000005  img/s: 5365.650699101512  loss: 0.4119 (0.4320)  acc1: 84.3750 (85.5283)  acc5: 99.2188 (99.1815)  time: 0.0202  data: 0.0003  max mem: 1793
Epoch: [200]  [ 30/391]  eta: 0:00:23  lr: 0.05000000000000005  img/s: 6457.276851651392  loss: 0.4466 (0.4328)  acc1: 84.3750 (85.6099)  acc5: 99.2188 (99.1683)  time: 0.0213  data: 0.0003  max mem: 1793
Epoch: [200]  [ 40/391]  eta: 0:00:19  lr: 0.05000000000000005  img/s: 6501.221990796803  loss: 0.4684 (0.4480)  acc1: 82.8125 (84.9657)  acc5: 99.2188 (99.2188)  time: 0.0217  data: 0.0005  max mem: 1793
Epoch: [200]  [ 50/391]  eta: 0:00:16  lr: 0.05000000000000005  img/s: 5046.016372949856  loss: 0.4525 (0.4436)  acc1: 82.8125 (84.7580)  acc5: 99.2188 (99.2647)  time: 0.0211  data: 0.0006  max mem: 1793
Epoch: [200]  [ 60/391]  eta: 0:00:14  lr: 0.05000000000000005  img/s: 4852.324722980424  loss: 0.4264 (0.4459)  acc1: 84.3750 (84.6952)  acc5: 99.2188 (99.2572)  time: 0.0210  data: 0.0006  max mem: 1793
Epoch: [200]  [ 70/391]  eta: 0:00:13  lr: 0.05000000000000005  img/s: 6286.323805955294  loss: 0.4326 (0.4455)  acc1: 85.1562 (84.7271)  acc5: 99.2188 (99.2408)  time: 0.0211  data: 0.0006  max mem: 1793
Epoch: [200]  [ 80/391]  eta: 0:00:11  lr: 0.05000000000000005  img/s: 7702.816608797957  loss: 0.4326 (0.4481)  acc1: 83.5938 (84.5197)  acc5: 99.2188 (99.2863)  time: 0.0191  data: 0.0004  max mem: 1793
Epoch: [200]  [ 90/391]  eta: 0:00:10  lr: 0.05000000000000005  img/s: 8268.966392508395  loss: 0.4141 (0.4481)  acc1: 84.3750 (84.5639)  acc5: 99.2188 (99.2960)  time: 0.0173  data: 0.0004  max mem: 1793
Epoch: [200]  [100/391]  eta: 0:00:09  lr: 0.05000000000000005  img/s: 9784.416110807362  loss: 0.4269 (0.4500)  acc1: 85.1562 (84.4369)  acc5: 99.2188 (99.3038)  time: 0.0170  data: 0.0004  max mem: 1793
Epoch: [200]  [110/391]  eta: 0:00:09  lr: 0.05000000000000005  img/s: 10829.46872415532  loss: 0.4269 (0.4484)  acc1: 85.1562 (84.5017)  acc5: 99.2188 (99.3032)  time: 0.0183  data: 0.0021  max mem: 1793
Epoch: [200]  [120/391]  eta: 0:00:08  lr: 0.05000000000000005  img/s: 8683.297405706153  loss: 0.4358 (0.4490)  acc1: 85.1562 (84.4977)  acc5: 100.0000 (99.3221)  time: 0.0190  data: 0.0019  max mem: 1793
Epoch: [200]  [130/391]  eta: 0:00:07  lr: 0.05000000000000005  img/s: 10184.211852189088  loss: 0.4555 (0.4487)  acc1: 83.5938 (84.4525)  acc5: 99.2188 (99.3201)  time: 0.0172  data: 0.0003  max mem: 1793
Epoch: [200]  [140/391]  eta: 0:00:07  lr: 0.05000000000000005  img/s: 3661.6485609057427  loss: 0.4453 (0.4479)  acc1: 82.8125 (84.4138)  acc5: 99.2188 (99.3240)  time: 0.0171  data: 0.0002  max mem: 1793
Epoch: [200]  [150/391]  eta: 0:00:06  lr: 0.05000000000000005  img/s: 9946.47458129539  loss: 0.4814 (0.4525)  acc1: 83.5938 (84.3543)  acc5: 99.2188 (99.2912)  time: 0.0182  data: 0.0005  max mem: 1793
Epoch: [200]  [160/391]  eta: 0:00:06  lr: 0.05000000000000005  img/s: 9327.638897093317  loss: 0.4689 (0.4528)  acc1: 84.3750 (84.3459)  acc5: 99.2188 (99.2915)  time: 0.0186  data: 0.0006  max mem: 1793
Epoch: [200]  [170/391]  eta: 0:00:06  lr: 0.05000000000000005  img/s: 5244.621378191978  loss: 0.4377 (0.4523)  acc1: 84.3750 (84.3659)  acc5: 99.2188 (99.2964)  time: 0.0197  data: 0.0004  max mem: 1793
Epoch: [200]  [180/391]  eta: 0:00:05  lr: 0.05000000000000005  img/s: 4570.47556293364  loss: 0.4213 (0.4511)  acc1: 84.3750 (84.3966)  acc5: 99.2188 (99.3094)  time: 0.0208  data: 0.0003  max mem: 1793
Epoch: [200]  [190/391]  eta: 0:00:05  lr: 0.05000000000000005  img/s: 5402.094061298827  loss: 0.4725 (0.4544)  acc1: 84.3750 (84.2768)  acc5: 99.2188 (99.2801)  time: 0.0201  data: 0.0002  max mem: 1793
Epoch: [200]  [200/391]  eta: 0:00:05  lr: 0.05000000000000005  img/s: 7417.290614940385  loss: 0.4697 (0.4540)  acc1: 84.3750 (84.2973)  acc5: 99.2188 (99.3004)  time: 0.0192  data: 0.0004  max mem: 1793
Epoch: [200]  [210/391]  eta: 0:00:04  lr: 0.05000000000000005  img/s: 4529.409533451447  loss: 0.4525 (0.4558)  acc1: 84.3750 (84.2602)  acc5: 100.0000 (99.3113)  time: 0.0199  data: 0.0008  max mem: 1793
Epoch: [200]  [220/391]  eta: 0:00:04  lr: 0.05000000000000005  img/s: 8214.939054060258  loss: 0.4795 (0.4570)  acc1: 83.5938 (84.2195)  acc5: 99.2188 (99.3177)  time: 0.0220  data: 0.0007  max mem: 1793
Epoch: [200]  [230/391]  eta: 0:00:04  lr: 0.05000000000000005  img/s: 9854.639622606875  loss: 0.4709 (0.4573)  acc1: 83.5938 (84.1890)  acc5: 99.2188 (99.3168)  time: 0.0213  data: 0.0003  max mem: 1793
Epoch: [200]  [240/391]  eta: 0:00:03  lr: 0.05000000000000005  img/s: 7534.60734835939  loss: 0.4709 (0.4593)  acc1: 82.0312 (84.0995)  acc5: 99.2188 (99.3128)  time: 0.0162  data: 0.0003  max mem: 1793
Epoch: [200]  [250/391]  eta: 0:00:03  lr: 0.05000000000000005  img/s: 5135.751434912375  loss: 0.4696 (0.4591)  acc1: 82.8125 (84.0793)  acc5: 99.2188 (99.3028)  time: 0.0147  data: 0.0003  max mem: 1793
Epoch: [200]  [260/391]  eta: 0:00:03  lr: 0.05000000000000005  img/s: 10198.140566826229  loss: 0.4676 (0.4601)  acc1: 82.8125 (84.0158)  acc5: 99.2188 (99.2846)  time: 0.0157  data: 0.0003  max mem: 1793
Epoch: [200]  [270/391]  eta: 0:00:02  lr: 0.05000000000000005  img/s: 4796.145294716718  loss: 0.4348 (0.4605)  acc1: 84.3750 (84.0521)  acc5: 99.2188 (99.2966)  time: 0.0185  data: 0.0030  max mem: 1793
Epoch: [200]  [280/391]  eta: 0:00:02  lr: 0.05000000000000005  img/s: 7822.685589392394  loss: 0.4465 (0.4612)  acc1: 85.1562 (84.0581)  acc5: 99.2188 (99.2938)  time: 0.0202  data: 0.0029  max mem: 1793
Epoch: [200]  [290/391]  eta: 0:00:02  lr: 0.05000000000000005  img/s: 8250.793957183912  loss: 0.4678 (0.4622)  acc1: 84.3750 (84.0663)  acc5: 99.2188 (99.2859)  time: 0.0201  data: 0.0003  max mem: 1793
Epoch: [200]  [300/391]  eta: 0:00:02  lr: 0.05000000000000005  img/s: 12004.626626716157  loss: 0.4533 (0.4610)  acc1: 85.1562 (84.1232)  acc5: 99.2188 (99.2966)  time: 0.0208  data: 0.0009  max mem: 1793
Epoch: [200]  [310/391]  eta: 0:00:01  lr: 0.05000000000000005  img/s: 6555.600610537884  loss: 0.4418 (0.4610)  acc1: 84.3750 (84.1238)  acc5: 100.0000 (99.2966)  time: 0.0196  data: 0.0015  max mem: 1793
Epoch: [200]  [320/391]  eta: 0:00:01  lr: 0.05000000000000005  img/s: 8290.034310773459  loss: 0.4781 (0.4619)  acc1: 82.8125 (84.0537)  acc5: 99.2188 (99.2918)  time: 0.0181  data: 0.0009  max mem: 1793
Epoch: [200]  [330/391]  eta: 0:00:01  lr: 0.05000000000000005  img/s: 10065.826308684565  loss: 0.4704 (0.4612)  acc1: 82.8125 (84.0800)  acc5: 99.2188 (99.3037)  time: 0.0157  data: 0.0006  max mem: 1793
Epoch: [200]  [340/391]  eta: 0:00:01  lr: 0.05000000000000005  img/s: 4917.0306815892145  loss: 0.4870 (0.4622)  acc1: 83.5938 (84.0336)  acc5: 99.2188 (99.2875)  time: 0.0177  data: 0.0009  max mem: 1793
Epoch: [200]  [350/391]  eta: 0:00:00  lr: 0.05000000000000005  img/s: 6490.532811064365  loss: 0.4870 (0.4630)  acc1: 82.0312 (83.9766)  acc5: 99.2188 (99.2900)  time: 0.0222  data: 0.0007  max mem: 1793
Epoch: [200]  [360/391]  eta: 0:00:00  lr: 0.05000000000000005  img/s: 3670.485564071185  loss: 0.4781 (0.4641)  acc1: 81.2500 (83.9119)  acc5: 99.2188 (99.2902)  time: 0.0217  data: 0.0005  max mem: 1793
Epoch: [200]  [370/391]  eta: 0:00:00  lr: 0.05000000000000005  img/s: 5371.448558764971  loss: 0.4780 (0.4646)  acc1: 83.5938 (83.9244)  acc5: 99.2188 (99.2861)  time: 0.0214  data: 0.0005  max mem: 1793
Epoch: [200]  [380/391]  eta: 0:00:00  lr: 0.05000000000000005  img/s: 8598.60198279866  loss: 0.4780 (0.4653)  acc1: 84.3750 (83.9157)  acc5: 99.2188 (99.2823)  time: 0.0210  data: 0.0008  max mem: 1793
Epoch: [200]  [390/391]  eta: 0:00:00  lr: 0.05000000000000005  img/s: 244.07359210688065  loss: 0.4838 (0.4655)  acc1: 82.8125 (83.8920)  acc5: 99.2188 (99.2860)  time: 0.0338  data: 0.0012  max mem: 1793
Epoch: [200] Total time: 0:00:09
Test:   [ 0/79]  eta: 0:00:14  loss: 0.5734 (0.5734)  acc1: 84.3750 (84.3750)  acc5: 96.8750 (96.8750)  time: 0.1877  data: 0.1770  max mem: 1793
Test:  Total time: 0:00:01
Test:  Acc@1 80.850 Acc@5 99.010
Training time 0:00:11
