Not using distributed mode
Namespace(model='lenet', dataset_name='mnist', data_path='data/mnist', output_dir='../model_training_results/mnist_lenet', print_freq=10, device='cuda', batch_size=128, epochs=10, workers=16, test_only=False, use_deterministic_algorithms=False, interpolation='bilinear', val_resize_size=256, val_crop_size=224, train_crop_size=224, backend='pil', use_v2=False, auto_augment=None, ra_magnitude=9, augmix_severity=3, random_erase=0.0, label_smoothing=0.0, mixup_alpha=0.0, cutmix_alpha=0.0, opt='sgd', lr=0.01, momentum=0.9, weight_decay=0.0001, lr_scheduler='steplr', lr_warmup_epochs=0, lr_warmup_method='constant', lr_warmup_decay=0.01, lr_step_size=30, lr_gamma=0.1, lr_min=0.0, clip_grad_norm=None, resume='', weights=None, model_ema=False, model_ema_steps=32, model_ema_decay=0.99998, cache_dataset=False, sync_bn=False, world_size=1, dist_url='env://', amp=False, norm_weight_decay=None, bias_weight_decay=None, transformer_embedding_decay=None, ra_sampler=False, ra_reps=3, start_epoch=0, distributed=False)
Loading MNIST data from data/mnist
Start Downloading MNIST train dataset
Took 29.097084283828735
Start Downloading MNIST test dataset
Took 0.01703953742980957
Creating data loaders
Creating model
Start training
Epoch: [0]  [  0/469]  eta: 0:10:07  lr: 0.01  img/s: 150.32994071600018  loss: 2.3016 (2.3016)  acc1: 11.7188 (11.7188)  acc5: 48.4375 (48.4375)  time: 1.2954  data: 0.4439  max mem: 101
Epoch: [0]  [ 10/469]  eta: 0:00:57  lr: 0.01  img/s: 12540.782807755197  loss: 2.3048 (2.3045)  acc1: 8.5938 (9.3040)  acc5: 49.2188 (48.8636)  time: 0.1263  data: 0.0406  max mem: 101
Epoch: [0]  [ 20/469]  eta: 0:00:31  lr: 0.01  img/s: 18405.53025472248  loss: 2.3027 (2.3023)  acc1: 9.3750 (9.9702)  acc5: 50.0000 (50.9301)  time: 0.0085  data: 0.0002  max mem: 101
Epoch: [0]  [ 30/469]  eta: 0:00:21  lr: 0.01  img/s: 10463.484223040792  loss: 2.2952 (2.2992)  acc1: 10.1562 (10.3327)  acc5: 53.9062 (51.9405)  time: 0.0079  data: 0.0008  max mem: 101
Epoch: [0]  [ 40/469]  eta: 0:00:17  lr: 0.01  img/s: 5294.219452306053  loss: 2.2869 (2.2953)  acc1: 11.7188 (11.0899)  acc5: 58.5938 (54.3064)  time: 0.0090  data: 0.0008  max mem: 101
Epoch: [0]  [ 50/469]  eta: 0:00:14  lr: 0.01  img/s: 38102.97459190916  loss: 2.2808 (2.2912)  acc1: 16.4062 (13.3272)  acc5: 64.0625 (56.5717)  time: 0.0097  data: 0.0005  max mem: 101
Epoch: [0]  [ 60/469]  eta: 0:00:12  lr: 0.01  img/s: 57765.32300408866  loss: 2.2666 (2.2848)  acc1: 26.5625 (17.3412)  acc5: 71.0938 (61.3217)  time: 0.0077  data: 0.0008  max mem: 101
Epoch: [0]  [ 70/469]  eta: 0:00:10  lr: 0.01  img/s: 12397.72104193608  loss: 2.2359 (2.2737)  acc1: 45.3125 (22.8543)  acc5: 90.6250 (65.7901)  time: 0.0089  data: 0.0012  max mem: 101
Epoch: [0]  [ 80/469]  eta: 0:00:09  lr: 0.01  img/s: 10293.95467270008  loss: 2.1491 (2.2471)  acc1: 58.5938 (27.6042)  acc5: 92.9688 (69.3094)  time: 0.0100  data: 0.0009  max mem: 101
Epoch: [0]  [ 90/469]  eta: 0:00:08  lr: 0.01  img/s: 17905.24653148346  loss: 1.8944 (2.1738)  acc1: 60.9375 (31.6449)  acc5: 94.5312 (72.1326)  time: 0.0081  data: 0.0002  max mem: 101
Epoch: [0]  [100/469]  eta: 0:00:07  lr: 0.01  img/s: 35973.66068078263  loss: 1.1586 (2.0497)  acc1: 68.7500 (35.8447)  acc5: 96.8750 (74.6287)  time: 0.0077  data: 0.0005  max mem: 101
Epoch: [0]  [110/469]  eta: 0:00:07  lr: 0.01  img/s: 34943.43348086436  loss: 0.8070 (1.9347)  acc1: 75.7812 (39.4074)  acc5: 97.6562 (76.7666)  time: 0.0063  data: 0.0005  max mem: 101
Epoch: [0]  [120/469]  eta: 0:00:06  lr: 0.01  img/s: 13136.706273857297  loss: 0.7508 (1.8362)  acc1: 76.5625 (42.5426)  acc5: 98.4375 (78.5447)  time: 0.0077  data: 0.0015  max mem: 101
Epoch: [0]  [130/469]  eta: 0:00:06  lr: 0.01  img/s: 13905.330674195136  loss: 0.5976 (1.7395)  acc1: 81.2500 (45.6584)  acc5: 98.4375 (80.0334)  time: 0.0087  data: 0.0016  max mem: 101
Epoch: [0]  [140/469]  eta: 0:00:05  lr: 0.01  img/s: 12675.801860509042  loss: 0.5286 (1.6496)  acc1: 84.3750 (48.4984)  acc5: 98.4375 (81.3774)  time: 0.0108  data: 0.0009  max mem: 101
Epoch: [0]  [150/469]  eta: 0:00:05  lr: 0.01  img/s: 34643.538233206426  loss: 0.4879 (1.5758)  acc1: 84.3750 (50.8123)  acc5: 99.2188 (82.5590)  time: 0.0112  data: 0.0010  max mem: 101
Epoch: [0]  [160/469]  eta: 0:00:05  lr: 0.01  img/s: 30124.055212658513  loss: 0.4547 (1.5052)  acc1: 85.1562 (53.0474)  acc5: 99.2188 (83.5938)  time: 0.0090  data: 0.0005  max mem: 101
Epoch: [0]  [170/469]  eta: 0:00:04  lr: 0.01  img/s: 40103.90020168821  loss: 0.4051 (1.4389)  acc1: 87.5000 (55.1124)  acc5: 99.2188 (84.5258)  time: 0.0083  data: 0.0007  max mem: 101
Epoch: [0]  [180/469]  eta: 0:00:04  lr: 0.01  img/s: 21226.066975052385  loss: 0.3656 (1.3811)  acc1: 88.2812 (56.9406)  acc5: 99.2188 (85.3462)  time: 0.0058  data: 0.0006  max mem: 101
Epoch: [0]  [190/469]  eta: 0:00:04  lr: 0.01  img/s: 31602.94984695079  loss: 0.3693 (1.3282)  acc1: 88.2812 (58.6060)  acc5: 100.0000 (86.1052)  time: 0.0079  data: 0.0017  max mem: 101
Epoch: [0]  [200/469]  eta: 0:00:04  lr: 0.01  img/s: 9777.466571964524  loss: 0.3250 (1.2771)  acc1: 90.6250 (60.2223)  acc5: 100.0000 (86.7887)  time: 0.0098  data: 0.0023  max mem: 101
Epoch: [0]  [210/469]  eta: 0:00:03  lr: 0.01  img/s: 31326.34566460497  loss: 0.3558 (1.2350)  acc1: 88.2812 (61.5114)  acc5: 100.0000 (87.3963)  time: 0.0088  data: 0.0011  max mem: 101
Epoch: [0]  [220/469]  eta: 0:00:03  lr: 0.01  img/s: 14183.422593257952  loss: 0.3558 (1.1936)  acc1: 88.2812 (62.7828)  acc5: 100.0000 (87.9596)  time: 0.0105  data: 0.0012  max mem: 101
Epoch: [0]  [230/469]  eta: 0:00:03  lr: 0.01  img/s: 41835.183667108235  loss: 0.3339 (1.1556)  acc1: 89.8438 (63.9543)  acc5: 100.0000 (88.4605)  time: 0.0088  data: 0.0012  max mem: 101
Epoch: [0]  [240/469]  eta: 0:00:03  lr: 0.01  img/s: 12735.640185031432  loss: 0.3339 (1.1211)  acc1: 90.6250 (65.0480)  acc5: 100.0000 (88.9263)  time: 0.0073  data: 0.0008  max mem: 101
Epoch: [0]  [250/469]  eta: 0:00:02  lr: 0.01  img/s: 45047.06427252895  loss: 0.2926 (1.0863)  acc1: 91.4062 (66.1572)  acc5: 100.0000 (89.3582)  time: 0.0065  data: 0.0009  max mem: 101
Epoch: [0]  [260/469]  eta: 0:00:02  lr: 0.01  img/s: 33651.179140027576  loss: 0.2463 (1.0557)  acc1: 92.9688 (67.1426)  acc5: 100.0000 (89.7480)  time: 0.0049  data: 0.0010  max mem: 101
Epoch: [0]  [270/469]  eta: 0:00:02  lr: 0.01  img/s: 30940.00184416782  loss: 0.2672 (1.0278)  acc1: 90.6250 (68.0437)  acc5: 100.0000 (90.1176)  time: 0.0065  data: 0.0009  max mem: 101
Epoch: [0]  [280/469]  eta: 0:00:02  lr: 0.01  img/s: 9204.500694361102  loss: 0.2403 (0.9993)  acc1: 92.1875 (68.9252)  acc5: 100.0000 (90.4665)  time: 0.0072  data: 0.0006  max mem: 101
Epoch: [0]  [290/469]  eta: 0:00:02  lr: 0.01  img/s: 32368.920294224044  loss: 0.2203 (0.9742)  acc1: 92.1875 (69.7138)  acc5: 100.0000 (90.7780)  time: 0.0073  data: 0.0018  max mem: 101
Epoch: [0]  [300/469]  eta: 0:00:02  lr: 0.01  img/s: 23216.039437837837  loss: 0.2084 (0.9491)  acc1: 93.7500 (70.5305)  acc5: 100.0000 (91.0844)  time: 0.0073  data: 0.0023  max mem: 101
Epoch: [0]  [310/469]  eta: 0:00:01  lr: 0.01  img/s: 42646.033203590436  loss: 0.2190 (0.9265)  acc1: 93.7500 (71.2520)  acc5: 100.0000 (91.3635)  time: 0.0064  data: 0.0012  max mem: 101
Epoch: [0]  [320/469]  eta: 0:00:01  lr: 0.01  img/s: 21676.86486049986  loss: 0.2534 (0.9054)  acc1: 92.9688 (71.9334)  acc5: 100.0000 (91.6229)  time: 0.0080  data: 0.0019  max mem: 101
Epoch: [0]  [330/469]  eta: 0:00:01  lr: 0.01  img/s: 35927.920230208125  loss: 0.2004 (0.8843)  acc1: 93.7500 (72.5996)  acc5: 100.0000 (91.8712)  time: 0.0082  data: 0.0027  max mem: 101
Epoch: [0]  [340/469]  eta: 0:00:01  lr: 0.01  img/s: 39836.08458855828  loss: 0.1874 (0.8639)  acc1: 93.7500 (73.2542)  acc5: 100.0000 (92.1050)  time: 0.0068  data: 0.0022  max mem: 101
Epoch: [0]  [350/469]  eta: 0:00:01  lr: 0.01  img/s: 38875.51860970311  loss: 0.1811 (0.8449)  acc1: 93.7500 (73.8448)  acc5: 100.0000 (92.3255)  time: 0.0065  data: 0.0016  max mem: 101
Epoch: [0]  [360/469]  eta: 0:00:01  lr: 0.01  img/s: 40076.95670349358  loss: 0.1845 (0.8267)  acc1: 93.7500 (74.4005)  acc5: 100.0000 (92.5316)  time: 0.0064  data: 0.0012  max mem: 101
Epoch: [0]  [370/469]  eta: 0:00:01  lr: 0.01  img/s: 43104.85042151746  loss: 0.1712 (0.8088)  acc1: 94.5312 (74.9705)  acc5: 100.0000 (92.7308)  time: 0.0077  data: 0.0014  max mem: 101
Epoch: [0]  [380/469]  eta: 0:00:01  lr: 0.01  img/s: 12785.684972612527  loss: 0.1522 (0.7922)  acc1: 94.5312 (75.4573)  acc5: 100.0000 (92.9154)  time: 0.0098  data: 0.0016  max mem: 101
Epoch: [0]  [390/469]  eta: 0:00:00  lr: 0.01  img/s: 38408.27815138074  loss: 0.1577 (0.7756)  acc1: 94.5312 (75.9711)  acc5: 100.0000 (93.0946)  time: 0.0081  data: 0.0008  max mem: 101
Epoch: [0]  [400/469]  eta: 0:00:00  lr: 0.01  img/s: 16067.725496064406  loss: 0.1735 (0.7614)  acc1: 94.5312 (76.4183)  acc5: 100.0000 (93.2590)  time: 0.0063  data: 0.0003  max mem: 101
Epoch: [0]  [410/469]  eta: 0:00:00  lr: 0.01  img/s: 33833.55886059995  loss: 0.1939 (0.7474)  acc1: 94.5312 (76.8742)  acc5: 100.0000 (93.4155)  time: 0.0074  data: 0.0007  max mem: 101
Epoch: [0]  [420/469]  eta: 0:00:00  lr: 0.01  img/s: 21788.592207792208  loss: 0.1645 (0.7334)  acc1: 95.3125 (77.3252)  acc5: 100.0000 (93.5644)  time: 0.0073  data: 0.0006  max mem: 101
Epoch: [0]  [430/469]  eta: 0:00:00  lr: 0.01  img/s: 37125.43475554941  loss: 0.1652 (0.7207)  acc1: 94.5312 (77.7208)  acc5: 100.0000 (93.7083)  time: 0.0074  data: 0.0003  max mem: 101
Epoch: [0]  [440/469]  eta: 0:00:00  lr: 0.01  img/s: 47151.84542420517  loss: 0.1652 (0.7079)  acc1: 94.5312 (78.1232)  acc5: 100.0000 (93.8492)  time: 0.0077  data: 0.0018  max mem: 101
Epoch: [0]  [450/469]  eta: 0:00:00  lr: 0.01  img/s: 38356.14145888405  loss: 0.1531 (0.6955)  acc1: 95.3125 (78.5044)  acc5: 100.0000 (93.9856)  time: 0.0067  data: 0.0017  max mem: 101
Epoch: [0]  [460/469]  eta: 0:00:00  lr: 0.01  img/s: 45874.640006835856  loss: 0.1325 (0.6836)  acc1: 95.3125 (78.8639)  acc5: 100.0000 (94.1144)  time: 0.0044  data: 0.0001  max mem: 101
Epoch: [0] Total time: 0:00:05
Test:   [ 0/79]  eta: 0:00:42  loss: 0.0723 (0.0723)  acc1: 99.2188 (99.2188)  acc5: 100.0000 (100.0000)  time: 0.5367  data: 0.5332  max mem: 101
Test:  Total time: 0:00:01
Test:  Acc@1 95.680 Acc@5 99.890
Epoch: [1]  [  0/469]  eta: 0:04:31  lr: 0.01  img/s: 3868.726486611132  loss: 0.1163 (0.1163)  acc1: 96.8750 (96.8750)  acc5: 100.0000 (100.0000)  time: 0.5799  data: 0.5468  max mem: 101
Epoch: [1]  [ 10/469]  eta: 0:00:31  lr: 0.01  img/s: 37553.92501398993  loss: 0.1460 (0.1472)  acc1: 95.3125 (94.8864)  acc5: 100.0000 (99.9290)  time: 0.0683  data: 0.0550  max mem: 101
Epoch: [1]  [ 20/469]  eta: 0:00:17  lr: 0.01  img/s: 8935.93395472703  loss: 0.1391 (0.1391)  acc1: 95.3125 (95.1265)  acc5: 100.0000 (99.9256)  time: 0.0129  data: 0.0037  max mem: 101
Epoch: [1]  [ 30/469]  eta: 0:00:13  lr: 0.01  img/s: 34162.959720012725  loss: 0.1385 (0.1405)  acc1: 95.3125 (95.2117)  acc5: 100.0000 (99.8740)  time: 0.0086  data: 0.0009  max mem: 101
Epoch: [1]  [ 40/469]  eta: 0:00:10  lr: 0.01  img/s: 6028.125801417006  loss: 0.1477 (0.1426)  acc1: 96.0938 (95.2934)  acc5: 100.0000 (99.8666)  time: 0.0087  data: 0.0002  max mem: 101
Epoch: [1]  [ 50/469]  eta: 0:00:08  lr: 0.01  img/s: 36719.16503659121  loss: 0.1495 (0.1440)  acc1: 96.0938 (95.2665)  acc5: 100.0000 (99.8468)  time: 0.0084  data: 0.0003  max mem: 101
Epoch: [1]  [ 60/469]  eta: 0:00:07  lr: 0.01  img/s: 6361.029763033175  loss: 0.1255 (0.1419)  acc1: 96.0938 (95.4790)  acc5: 100.0000 (99.8463)  time: 0.0085  data: 0.0010  max mem: 101
Epoch: [1]  [ 70/469]  eta: 0:00:07  lr: 0.01  img/s: 11938.689141408526  loss: 0.1191 (0.1405)  acc1: 96.0938 (95.5106)  acc5: 100.0000 (99.8680)  time: 0.0087  data: 0.0012  max mem: 101
Epoch: [1]  [ 80/469]  eta: 0:00:06  lr: 0.01  img/s: 36469.7311323959  loss: 0.1191 (0.1402)  acc1: 96.0938 (95.5440)  acc5: 100.0000 (99.8843)  time: 0.0090  data: 0.0005  max mem: 101
Epoch: [1]  [ 90/469]  eta: 0:00:05  lr: 0.01  img/s: 33871.981829653  loss: 0.1184 (0.1387)  acc1: 96.0938 (95.6044)  acc5: 100.0000 (99.8798)  time: 0.0079  data: 0.0002  max mem: 101
Epoch: [1]  [100/469]  eta: 0:00:05  lr: 0.01  img/s: 38841.76761684271  loss: 0.1261 (0.1395)  acc1: 96.0938 (95.5987)  acc5: 100.0000 (99.8762)  time: 0.0091  data: 0.0002  max mem: 101
Epoch: [1]  [110/469]  eta: 0:00:05  lr: 0.01  img/s: 8203.14012865372  loss: 0.1556 (0.1418)  acc1: 95.3125 (95.5940)  acc5: 100.0000 (99.8592)  time: 0.0108  data: 0.0004  max mem: 101
Epoch: [1]  [120/469]  eta: 0:00:04  lr: 0.01  img/s: 15195.03317106306  loss: 0.1341 (0.1405)  acc1: 96.0938 (95.6224)  acc5: 100.0000 (99.8709)  time: 0.0089  data: 0.0008  max mem: 101
Epoch: [1]  [130/469]  eta: 0:00:04  lr: 0.01  img/s: 19006.298438772257  loss: 0.1167 (0.1387)  acc1: 96.0938 (95.6286)  acc5: 100.0000 (99.8748)  time: 0.0086  data: 0.0005  max mem: 101
Epoch: [1]  [140/469]  eta: 0:00:04  lr: 0.01  img/s: 13401.001248065499  loss: 0.1242 (0.1397)  acc1: 95.3125 (95.5951)  acc5: 100.0000 (99.8726)  time: 0.0095  data: 0.0002  max mem: 101
Epoch: [1]  [150/469]  eta: 0:00:04  lr: 0.01  img/s: 38146.29188574677  loss: 0.1336 (0.1391)  acc1: 96.0938 (95.6178)  acc5: 100.0000 (99.8810)  time: 0.0085  data: 0.0002  max mem: 101
Epoch: [1]  [160/469]  eta: 0:00:03  lr: 0.01  img/s: 27604.036814232095  loss: 0.1153 (0.1379)  acc1: 96.0938 (95.6910)  acc5: 100.0000 (99.8884)  time: 0.0078  data: 0.0005  max mem: 101
Epoch: [1]  [170/469]  eta: 0:00:03  lr: 0.01  img/s: 13811.960689477746  loss: 0.0903 (0.1367)  acc1: 96.8750 (95.7191)  acc5: 100.0000 (99.8949)  time: 0.0078  data: 0.0008  max mem: 101
Epoch: [1]  [180/469]  eta: 0:00:03  lr: 0.01  img/s: 17938.75006682705  loss: 0.0929 (0.1352)  acc1: 96.8750 (95.7916)  acc5: 100.0000 (99.9007)  time: 0.0072  data: 0.0017  max mem: 101
Epoch: [1]  [190/469]  eta: 0:00:03  lr: 0.01  img/s: 46651.97358359402  loss: 0.0927 (0.1336)  acc1: 97.6562 (95.8811)  acc5: 100.0000 (99.8977)  time: 0.0081  data: 0.0019  max mem: 101
Epoch: [1]  [200/469]  eta: 0:00:03  lr: 0.01  img/s: 33927.63599595551  loss: 0.1051 (0.1327)  acc1: 96.8750 (95.9305)  acc5: 100.0000 (99.8951)  time: 0.0080  data: 0.0008  max mem: 101
Epoch: [1]  [210/469]  eta: 0:00:02  lr: 0.01  img/s: 30716.95342716558  loss: 0.0960 (0.1306)  acc1: 96.8750 (95.9975)  acc5: 100.0000 (99.8926)  time: 0.0072  data: 0.0011  max mem: 101
Epoch: [1]  [220/469]  eta: 0:00:02  lr: 0.01  img/s: 15505.744916820702  loss: 0.0947 (0.1301)  acc1: 96.8750 (96.0301)  acc5: 100.0000 (99.8975)  time: 0.0071  data: 0.0016  max mem: 101
Epoch: [1]  [230/469]  eta: 0:00:02  lr: 0.01  img/s: 42484.04779615415  loss: 0.1170 (0.1304)  acc1: 96.0938 (96.0363)  acc5: 100.0000 (99.8985)  time: 0.0069  data: 0.0009  max mem: 101
Epoch: [1]  [240/469]  eta: 0:00:02  lr: 0.01  img/s: 34169.482688391035  loss: 0.1170 (0.1303)  acc1: 96.0938 (96.0451)  acc5: 100.0000 (99.9027)  time: 0.0055  data: 0.0005  max mem: 101
Epoch: [1]  [250/469]  eta: 0:00:02  lr: 0.01  img/s: 40798.76221597386  loss: 0.1159 (0.1301)  acc1: 96.0938 (96.0533)  acc5: 100.0000 (99.9035)  time: 0.0054  data: 0.0006  max mem: 101
Epoch: [1]  [260/469]  eta: 0:00:02  lr: 0.01  img/s: 39285.15381238109  loss: 0.1278 (0.1299)  acc1: 96.0938 (96.0608)  acc5: 100.0000 (99.9072)  time: 0.0062  data: 0.0009  max mem: 101
Epoch: [1]  [270/469]  eta: 0:00:02  lr: 0.01  img/s: 40976.25644939704  loss: 0.1053 (0.1290)  acc1: 96.0938 (96.0938)  acc5: 100.0000 (99.9049)  time: 0.0053  data: 0.0006  max mem: 101
Epoch: [1]  [280/469]  eta: 0:00:01  lr: 0.01  img/s: 19076.534555662154  loss: 0.0913 (0.1281)  acc1: 96.8750 (96.1355)  acc5: 100.0000 (99.9083)  time: 0.0056  data: 0.0014  max mem: 101
Epoch: [1]  [290/469]  eta: 0:00:01  lr: 0.01  img/s: 40755.40211037729  loss: 0.0969 (0.1269)  acc1: 96.8750 (96.1770)  acc5: 100.0000 (99.9087)  time: 0.0066  data: 0.0016  max mem: 101
Epoch: [1]  [300/469]  eta: 0:00:01  lr: 0.01  img/s: 26117.479665304534  loss: 0.1048 (0.1264)  acc1: 96.8750 (96.1794)  acc5: 100.0000 (99.9118)  time: 0.0067  data: 0.0005  max mem: 101
Epoch: [1]  [310/469]  eta: 0:00:01  lr: 0.01  img/s: 16463.887638382042  loss: 0.0977 (0.1255)  acc1: 96.8750 (96.2068)  acc5: 100.0000 (99.9121)  time: 0.0082  data: 0.0010  max mem: 101
Epoch: [1]  [320/469]  eta: 0:00:01  lr: 0.01  img/s: 31812.687366674567  loss: 0.0817 (0.1241)  acc1: 96.8750 (96.2446)  acc5: 100.0000 (99.9148)  time: 0.0083  data: 0.0010  max mem: 101
Epoch: [1]  [330/469]  eta: 0:00:01  lr: 0.01  img/s: 9245.555417786043  loss: 0.0901 (0.1237)  acc1: 96.0938 (96.2448)  acc5: 100.0000 (99.9127)  time: 0.0082  data: 0.0003  max mem: 101
Epoch: [1]  [340/469]  eta: 0:00:01  lr: 0.01  img/s: 31962.30946002262  loss: 0.1176 (0.1234)  acc1: 96.0938 (96.2289)  acc5: 100.0000 (99.9129)  time: 0.0084  data: 0.0006  max mem: 101
Epoch: [1]  [350/469]  eta: 0:00:01  lr: 0.01  img/s: 11010.929734607655  loss: 0.1081 (0.1228)  acc1: 95.3125 (96.2451)  acc5: 100.0000 (99.9154)  time: 0.0087  data: 0.0012  max mem: 101
Epoch: [1]  [360/469]  eta: 0:00:01  lr: 0.01  img/s: 12333.92097040985  loss: 0.0824 (0.1215)  acc1: 96.8750 (96.2799)  acc5: 100.0000 (99.9156)  time: 0.0092  data: 0.0015  max mem: 101
Epoch: [1]  [370/469]  eta: 0:00:00  lr: 0.01  img/s: 46071.47618638977  loss: 0.0789 (0.1206)  acc1: 96.8750 (96.3022)  acc5: 100.0000 (99.9158)  time: 0.0071  data: 0.0008  max mem: 101
Epoch: [1]  [380/469]  eta: 0:00:00  lr: 0.01  img/s: 36444.9740004073  loss: 0.0824 (0.1199)  acc1: 96.8750 (96.3234)  acc5: 100.0000 (99.9180)  time: 0.0064  data: 0.0002  max mem: 101
Epoch: [1]  [390/469]  eta: 0:00:00  lr: 0.01  img/s: 7069.392992112505  loss: 0.0707 (0.1190)  acc1: 96.8750 (96.3495)  acc5: 100.0000 (99.9181)  time: 0.0090  data: 0.0003  max mem: 101
Epoch: [1]  [400/469]  eta: 0:00:00  lr: 0.01  img/s: 43786.87806867303  loss: 0.0625 (0.1179)  acc1: 97.6562 (96.3782)  acc5: 100.0000 (99.9201)  time: 0.0091  data: 0.0002  max mem: 101
Epoch: [1]  [410/469]  eta: 0:00:00  lr: 0.01  img/s: 36177.28517520216  loss: 0.0684 (0.1171)  acc1: 97.6562 (96.3941)  acc5: 100.0000 (99.9221)  time: 0.0078  data: 0.0002  max mem: 101
Epoch: [1]  [420/469]  eta: 0:00:00  lr: 0.01  img/s: 6974.885828613003  loss: 0.0934 (0.1170)  acc1: 96.8750 (96.4074)  acc5: 100.0000 (99.9221)  time: 0.0079  data: 0.0013  max mem: 101
Epoch: [1]  [430/469]  eta: 0:00:00  lr: 0.01  img/s: 17451.271356130543  loss: 0.0845 (0.1161)  acc1: 96.0938 (96.4146)  acc5: 100.0000 (99.9239)  time: 0.0074  data: 0.0013  max mem: 101
Epoch: [1]  [440/469]  eta: 0:00:00  lr: 0.01  img/s: 48219.050835279326  loss: 0.0918 (0.1160)  acc1: 96.8750 (96.4268)  acc5: 100.0000 (99.9221)  time: 0.0094  data: 0.0035  max mem: 101
Epoch: [1]  [450/469]  eta: 0:00:00  lr: 0.01  img/s: 16565.488352000986  loss: 0.1034 (0.1156)  acc1: 96.8750 (96.4489)  acc5: 100.0000 (99.9238)  time: 0.0086  data: 0.0034  max mem: 101
Epoch: [1]  [460/469]  eta: 0:00:00  lr: 0.01  img/s: 37475.28354041603  loss: 0.0864 (0.1149)  acc1: 97.6562 (96.4632)  acc5: 100.0000 (99.9254)  time: 0.0058  data: 0.0001  max mem: 101
Epoch: [1] Total time: 0:00:04
Test:   [ 0/79]  eta: 0:00:43  loss: 0.0299 (0.0299)  acc1: 100.0000 (100.0000)  acc5: 100.0000 (100.0000)  time: 0.5533  data: 0.5404  max mem: 101
Test:  Total time: 0:00:01
Test:  Acc@1 97.720 Acc@5 99.980
Epoch: [2]  [  0/469]  eta: 0:04:01  lr: 0.01  img/s: 7898.180363080001  loss: 0.0370 (0.0370)  acc1: 98.4375 (98.4375)  acc5: 100.0000 (100.0000)  time: 0.5150  data: 0.4987  max mem: 101
Epoch: [2]  [ 10/469]  eta: 0:00:28  lr: 0.01  img/s: 38097.566846437694  loss: 0.0588 (0.0767)  acc1: 98.4375 (97.9403)  acc5: 100.0000 (99.9290)  time: 0.0626  data: 0.0555  max mem: 101
Epoch: [2]  [ 20/469]  eta: 0:00:16  lr: 0.01  img/s: 39022.45326355575  loss: 0.0744 (0.0849)  acc1: 97.6562 (97.8423)  acc5: 100.0000 (99.9256)  time: 0.0129  data: 0.0071  max mem: 101
Epoch: [2]  [ 30/469]  eta: 0:00:12  lr: 0.01  img/s: 27161.333198421533  loss: 0.0796 (0.0840)  acc1: 97.6562 (97.8327)  acc5: 100.0000 (99.9496)  time: 0.0085  data: 0.0019  max mem: 101
Epoch: [2]  [ 40/469]  eta: 0:00:09  lr: 0.01  img/s: 37316.39063043025  loss: 0.0683 (0.0830)  acc1: 97.6562 (97.8659)  acc5: 100.0000 (99.9047)  time: 0.0070  data: 0.0005  max mem: 101
Epoch: [2]  [ 50/469]  eta: 0:00:08  lr: 0.01  img/s: 22535.823028166058  loss: 0.0689 (0.0822)  acc1: 97.6562 (97.7328)  acc5: 100.0000 (99.9234)  time: 0.0062  data: 0.0004  max mem: 101
Epoch: [2]  [ 60/469]  eta: 0:00:07  lr: 0.01  img/s: 23503.673583749234  loss: 0.0729 (0.0816)  acc1: 96.8750 (97.6691)  acc5: 100.0000 (99.9360)  time: 0.0078  data: 0.0016  max mem: 101
Epoch: [2]  [ 70/469]  eta: 0:00:06  lr: 0.01  img/s: 28930.910815325755  loss: 0.0643 (0.0809)  acc1: 97.6562 (97.7333)  acc5: 100.0000 (99.9450)  time: 0.0085  data: 0.0015  max mem: 101
Epoch: [2]  [ 80/469]  eta: 0:00:05  lr: 0.01  img/s: 33220.15419837881  loss: 0.0578 (0.0789)  acc1: 98.4375 (97.7238)  acc5: 100.0000 (99.9518)  time: 0.0081  data: 0.0008  max mem: 101
Epoch: [2]  [ 90/469]  eta: 0:00:05  lr: 0.01  img/s: 11785.632384255701  loss: 0.0578 (0.0786)  acc1: 97.6562 (97.7163)  acc5: 100.0000 (99.9485)  time: 0.0082  data: 0.0006  max mem: 101
Epoch: [2]  [100/469]  eta: 0:00:05  lr: 0.01  img/s: 8341.297204915867  loss: 0.0713 (0.0789)  acc1: 97.6562 (97.6795)  acc5: 100.0000 (99.9459)  time: 0.0092  data: 0.0003  max mem: 101
Epoch: [2]  [110/469]  eta: 0:00:04  lr: 0.01  img/s: 40160.9000598444  loss: 0.0729 (0.0786)  acc1: 97.6562 (97.6351)  acc5: 100.0000 (99.9507)  time: 0.0102  data: 0.0018  max mem: 101
Epoch: [2]  [120/469]  eta: 0:00:04  lr: 0.01  img/s: 35686.7131082159  loss: 0.0741 (0.0793)  acc1: 97.6562 (97.6240)  acc5: 100.0000 (99.9483)  time: 0.0082  data: 0.0018  max mem: 101
Epoch: [2]  [130/469]  eta: 0:00:04  lr: 0.01  img/s: 38912.148438066244  loss: 0.0751 (0.0798)  acc1: 97.6562 (97.6145)  acc5: 100.0000 (99.9523)  time: 0.0052  data: 0.0005  max mem: 101
Epoch: [2]  [140/469]  eta: 0:00:03  lr: 0.01  img/s: 7215.231050424685  loss: 0.0679 (0.0793)  acc1: 97.6562 (97.6230)  acc5: 100.0000 (99.9557)  time: 0.0055  data: 0.0003  max mem: 101
Epoch: [2]  [150/469]  eta: 0:00:03  lr: 0.01  img/s: 38749.25384337784  loss: 0.0735 (0.0796)  acc1: 97.6562 (97.6045)  acc5: 100.0000 (99.9586)  time: 0.0077  data: 0.0003  max mem: 101
Epoch: [2]  [160/469]  eta: 0:00:03  lr: 0.01  img/s: 5467.562652761936  loss: 0.0885 (0.0801)  acc1: 97.6562 (97.5932)  acc5: 100.0000 (99.9563)  time: 0.0091  data: 0.0006  max mem: 101
Epoch: [2]  [170/469]  eta: 0:00:03  lr: 0.01  img/s: 33354.306163021865  loss: 0.0594 (0.0802)  acc1: 97.6562 (97.5694)  acc5: 100.0000 (99.9589)  time: 0.0085  data: 0.0015  max mem: 101
Epoch: [2]  [180/469]  eta: 0:00:03  lr: 0.01  img/s: 39668.310329540414  loss: 0.0715 (0.0802)  acc1: 97.6562 (97.5786)  acc5: 100.0000 (99.9568)  time: 0.0083  data: 0.0026  max mem: 101
Epoch: [2]  [190/469]  eta: 0:00:03  lr: 0.01  img/s: 53505.17360972693  loss: 0.0785 (0.0804)  acc1: 97.6562 (97.5663)  acc5: 100.0000 (99.9591)  time: 0.0085  data: 0.0015  max mem: 101
Epoch: [2]  [200/469]  eta: 0:00:02  lr: 0.01  img/s: 24566.253866569048  loss: 0.0622 (0.0800)  acc1: 98.4375 (97.5669)  acc5: 100.0000 (99.9572)  time: 0.0066  data: 0.0002  max mem: 101
Epoch: [2]  [210/469]  eta: 0:00:02  lr: 0.01  img/s: 48656.05510241073  loss: 0.0481 (0.0790)  acc1: 98.4375 (97.5933)  acc5: 100.0000 (99.9593)  time: 0.0052  data: 0.0005  max mem: 101
Epoch: [2]  [220/469]  eta: 0:00:02  lr: 0.01  img/s: 31573.21289108445  loss: 0.0589 (0.0790)  acc1: 97.6562 (97.5855)  acc5: 100.0000 (99.9611)  time: 0.0054  data: 0.0007  max mem: 101
Epoch: [2]  [230/469]  eta: 0:00:02  lr: 0.01  img/s: 48686.94223270155  loss: 0.0694 (0.0789)  acc1: 97.6562 (97.5852)  acc5: 100.0000 (99.9628)  time: 0.0068  data: 0.0004  max mem: 101
Epoch: [2]  [240/469]  eta: 0:00:02  lr: 0.01  img/s: 41428.42132880624  loss: 0.0694 (0.0785)  acc1: 97.6562 (97.6044)  acc5: 100.0000 (99.9643)  time: 0.0056  data: 0.0002  max mem: 101
Epoch: [2]  [250/469]  eta: 0:00:02  lr: 0.01  img/s: 21402.06944389077  loss: 0.0637 (0.0780)  acc1: 97.6562 (97.6220)  acc5: 100.0000 (99.9626)  time: 0.0047  data: 0.0004  max mem: 101
Epoch: [2]  [260/469]  eta: 0:00:02  lr: 0.01  img/s: 39554.32933028807  loss: 0.0879 (0.0786)  acc1: 97.6562 (97.6233)  acc5: 100.0000 (99.9611)  time: 0.0075  data: 0.0004  max mem: 101
Epoch: [2]  [270/469]  eta: 0:00:01  lr: 0.01  img/s: 16994.963975941755  loss: 0.0870 (0.0787)  acc1: 97.6562 (97.6332)  acc5: 100.0000 (99.9625)  time: 0.0080  data: 0.0004  max mem: 101
Epoch: [2]  [280/469]  eta: 0:00:01  lr: 0.01  img/s: 12106.684225955576  loss: 0.0705 (0.0795)  acc1: 97.6562 (97.6006)  acc5: 100.0000 (99.9583)  time: 0.0092  data: 0.0016  max mem: 101
Epoch: [2]  [290/469]  eta: 0:00:01  lr: 0.01  img/s: 53335.079674150606  loss: 0.0711 (0.0792)  acc1: 97.6562 (97.5999)  acc5: 100.0000 (99.9597)  time: 0.0088  data: 0.0017  max mem: 101
Epoch: [2]  [300/469]  eta: 0:00:01  lr: 0.01  img/s: 34818.78928594591  loss: 0.0754 (0.0794)  acc1: 97.6562 (97.5940)  acc5: 100.0000 (99.9585)  time: 0.0079  data: 0.0018  max mem: 101
Epoch: [2]  [310/469]  eta: 0:00:01  lr: 0.01  img/s: 18661.43807570649  loss: 0.0798 (0.0792)  acc1: 97.6562 (97.5960)  acc5: 100.0000 (99.9598)  time: 0.0091  data: 0.0019  max mem: 101
Epoch: [2]  [320/469]  eta: 0:00:01  lr: 0.01  img/s: 36121.30202516315  loss: 0.0692 (0.0788)  acc1: 97.6562 (97.6003)  acc5: 100.0000 (99.9611)  time: 0.0076  data: 0.0005  max mem: 101
Epoch: [2]  [330/469]  eta: 0:00:01  lr: 0.01  img/s: 18299.50616947304  loss: 0.0495 (0.0786)  acc1: 98.4375 (97.6114)  acc5: 100.0000 (99.9622)  time: 0.0073  data: 0.0008  max mem: 101
Epoch: [2]  [340/469]  eta: 0:00:01  lr: 0.01  img/s: 10761.524053880692  loss: 0.0568 (0.0789)  acc1: 97.6562 (97.5944)  acc5: 100.0000 (99.9633)  time: 0.0086  data: 0.0008  max mem: 101
Epoch: [2]  [350/469]  eta: 0:00:01  lr: 0.01  img/s: 5946.270360073986  loss: 0.0561 (0.0780)  acc1: 97.6562 (97.6229)  acc5: 100.0000 (99.9644)  time: 0.0084  data: 0.0005  max mem: 101
Epoch: [2]  [360/469]  eta: 0:00:01  lr: 0.01  img/s: 52480.050048875855  loss: 0.0477 (0.0773)  acc1: 98.4375 (97.6519)  acc5: 100.0000 (99.9632)  time: 0.0082  data: 0.0007  max mem: 101
Epoch: [2]  [370/469]  eta: 0:00:00  lr: 0.01  img/s: 33474.92904352164  loss: 0.0531 (0.0772)  acc1: 98.4375 (97.6541)  acc5: 100.0000 (99.9642)  time: 0.0075  data: 0.0005  max mem: 101
Epoch: [2]  [380/469]  eta: 0:00:00  lr: 0.01  img/s: 22924.58738631026  loss: 0.0531 (0.0771)  acc1: 98.4375 (97.6604)  acc5: 100.0000 (99.9631)  time: 0.0067  data: 0.0004  max mem: 101
Epoch: [2]  [390/469]  eta: 0:00:00  lr: 0.01  img/s: 31150.03841021178  loss: 0.0624 (0.0772)  acc1: 98.4375 (97.6602)  acc5: 100.0000 (99.9640)  time: 0.0068  data: 0.0008  max mem: 101
Epoch: [2]  [400/469]  eta: 0:00:00  lr: 0.01  img/s: 41566.34499845153  loss: 0.0688 (0.0769)  acc1: 98.4375 (97.6738)  acc5: 100.0000 (99.9630)  time: 0.0078  data: 0.0008  max mem: 101
Epoch: [2]  [410/469]  eta: 0:00:00  lr: 0.01  img/s: 21201.757839033253  loss: 0.0581 (0.0768)  acc1: 98.4375 (97.6639)  acc5: 100.0000 (99.9639)  time: 0.0097  data: 0.0009  max mem: 101
Epoch: [2]  [420/469]  eta: 0:00:00  lr: 0.01  img/s: 19812.928073218438  loss: 0.0567 (0.0765)  acc1: 97.6562 (97.6748)  acc5: 100.0000 (99.9629)  time: 0.0106  data: 0.0011  max mem: 101
Epoch: [2]  [430/469]  eta: 0:00:00  lr: 0.01  img/s: 38977.12443734572  loss: 0.0487 (0.0761)  acc1: 98.4375 (97.6853)  acc5: 100.0000 (99.9619)  time: 0.0096  data: 0.0011  max mem: 101
Epoch: [2]  [440/469]  eta: 0:00:00  lr: 0.01  img/s: 10958.338340953625  loss: 0.0570 (0.0759)  acc1: 97.6562 (97.6917)  acc5: 100.0000 (99.9610)  time: 0.0101  data: 0.0027  max mem: 101
Epoch: [2]  [450/469]  eta: 0:00:00  lr: 0.01  img/s: 41511.707415139565  loss: 0.0775 (0.0763)  acc1: 97.6562 (97.6805)  acc5: 100.0000 (99.9619)  time: 0.0078  data: 0.0020  max mem: 101
Epoch: [2]  [460/469]  eta: 0:00:00  lr: 0.01  img/s: 42276.629025907554  loss: 0.0537 (0.0761)  acc1: 97.6562 (97.6834)  acc5: 100.0000 (99.9627)  time: 0.0036  data: 0.0001  max mem: 101
Epoch: [2] Total time: 0:00:04
Test:   [ 0/79]  eta: 0:00:42  loss: 0.0134 (0.0134)  acc1: 100.0000 (100.0000)  acc5: 100.0000 (100.0000)  time: 0.5430  data: 0.5401  max mem: 101
Test:  Total time: 0:00:01
Test:  Acc@1 98.240 Acc@5 99.980
Epoch: [3]  [  0/469]  eta: 0:04:21  lr: 0.01  img/s: 10286.459840588595  loss: 0.0515 (0.0515)  acc1: 97.6562 (97.6562)  acc5: 100.0000 (100.0000)  time: 0.5575  data: 0.5451  max mem: 101
Epoch: [3]  [ 10/469]  eta: 0:00:31  lr: 0.01  img/s: 23210.017379274566  loss: 0.0515 (0.0559)  acc1: 98.4375 (98.5795)  acc5: 100.0000 (100.0000)  time: 0.0688  data: 0.0626  max mem: 101
Epoch: [3]  [ 20/469]  eta: 0:00:18  lr: 0.01  img/s: 19137.053967348686  loss: 0.0510 (0.0547)  acc1: 98.4375 (98.5119)  acc5: 100.0000 (99.9628)  time: 0.0146  data: 0.0077  max mem: 101
Epoch: [3]  [ 30/469]  eta: 0:00:13  lr: 0.01  img/s: 16399.51467758194  loss: 0.0512 (0.0589)  acc1: 97.6562 (98.3115)  acc5: 100.0000 (99.9748)  time: 0.0096  data: 0.0006  max mem: 101
Epoch: [3]  [ 40/469]  eta: 0:00:10  lr: 0.01  img/s: 41313.65232781839  loss: 0.0512 (0.0579)  acc1: 98.4375 (98.3613)  acc5: 100.0000 (99.9809)  time: 0.0080  data: 0.0002  max mem: 101
Epoch: [3]  [ 50/469]  eta: 0:00:08  lr: 0.01  img/s: 47939.1831413519  loss: 0.0521 (0.0558)  acc1: 98.4375 (98.3762)  acc5: 100.0000 (99.9694)  time: 0.0058  data: 0.0007  max mem: 101
Epoch: [3]  [ 60/469]  eta: 0:00:07  lr: 0.01  img/s: 17436.53497888925  loss: 0.0521 (0.0547)  acc1: 98.4375 (98.3863)  acc5: 100.0000 (99.9744)  time: 0.0058  data: 0.0007  max mem: 101
Epoch: [3]  [ 70/469]  eta: 0:00:06  lr: 0.01  img/s: 8102.73343596245  loss: 0.0437 (0.0557)  acc1: 98.4375 (98.3275)  acc5: 100.0000 (99.9560)  time: 0.0074  data: 0.0004  max mem: 101
Epoch: [3]  [ 80/469]  eta: 0:00:06  lr: 0.01  img/s: 35000.38542277854  loss: 0.0567 (0.0577)  acc1: 97.6562 (98.2157)  acc5: 100.0000 (99.9614)  time: 0.0099  data: 0.0012  max mem: 101
Epoch: [3]  [ 90/469]  eta: 0:00:05  lr: 0.01  img/s: 8979.576369840102  loss: 0.0620 (0.0609)  acc1: 97.6562 (98.2057)  acc5: 100.0000 (99.9571)  time: 0.0101  data: 0.0013  max mem: 101
Epoch: [3]  [100/469]  eta: 0:00:05  lr: 0.01  img/s: 14789.424864328807  loss: 0.0594 (0.0604)  acc1: 98.4375 (98.2287)  acc5: 100.0000 (99.9613)  time: 0.0087  data: 0.0005  max mem: 101
Epoch: [3]  [110/469]  eta: 0:00:04  lr: 0.01  img/s: 45547.71460083142  loss: 0.0370 (0.0586)  acc1: 98.4375 (98.2756)  acc5: 100.0000 (99.9648)  time: 0.0061  data: 0.0002  max mem: 101
Epoch: [3]  [120/469]  eta: 0:00:04  lr: 0.01  img/s: 44479.77729908865  loss: 0.0391 (0.0584)  acc1: 98.4375 (98.2632)  acc5: 100.0000 (99.9677)  time: 0.0037  data: 0.0002  max mem: 101
Epoch: [3]  [130/469]  eta: 0:00:04  lr: 0.01  img/s: 36721.67660738714  loss: 0.0557 (0.0584)  acc1: 97.6562 (98.2407)  acc5: 100.0000 (99.9642)  time: 0.0047  data: 0.0005  max mem: 101
Epoch: [3]  [140/469]  eta: 0:00:03  lr: 0.01  img/s: 20033.991790432123  loss: 0.0544 (0.0584)  acc1: 98.4375 (98.2436)  acc5: 100.0000 (99.9668)  time: 0.0063  data: 0.0009  max mem: 101
Epoch: [3]  [150/469]  eta: 0:00:03  lr: 0.01  img/s: 39377.35895555229  loss: 0.0425 (0.0571)  acc1: 98.4375 (98.2771)  acc5: 100.0000 (99.9690)  time: 0.0063  data: 0.0006  max mem: 101
Epoch: [3]  [160/469]  eta: 0:00:03  lr: 0.01  img/s: 19001.58958023643  loss: 0.0453 (0.0573)  acc1: 98.4375 (98.2628)  acc5: 100.0000 (99.9709)  time: 0.0078  data: 0.0009  max mem: 101
Epoch: [3]  [170/469]  eta: 0:00:03  lr: 0.01  img/s: 31499.114761793007  loss: 0.0468 (0.0572)  acc1: 98.4375 (98.2548)  acc5: 100.0000 (99.9726)  time: 0.0082  data: 0.0009  max mem: 101
Epoch: [3]  [180/469]  eta: 0:00:03  lr: 0.01  img/s: 15317.72410054495  loss: 0.0468 (0.0574)  acc1: 97.6562 (98.2346)  acc5: 100.0000 (99.9698)  time: 0.0085  data: 0.0004  max mem: 101
Epoch: [3]  [190/469]  eta: 0:00:03  lr: 0.01  img/s: 36671.51038251366  loss: 0.0580 (0.0575)  acc1: 97.6562 (98.2166)  acc5: 100.0000 (99.9714)  time: 0.0090  data: 0.0004  max mem: 101
Epoch: [3]  [200/469]  eta: 0:00:02  lr: 0.01  img/s: 16113.05597406885  loss: 0.0412 (0.0570)  acc1: 98.4375 (98.2237)  acc5: 100.0000 (99.9728)  time: 0.0075  data: 0.0005  max mem: 101
Epoch: [3]  [210/469]  eta: 0:00:02  lr: 0.01  img/s: 12029.642429810214  loss: 0.0457 (0.0575)  acc1: 98.4375 (98.2265)  acc5: 100.0000 (99.9741)  time: 0.0101  data: 0.0007  max mem: 101
Epoch: [3]  [220/469]  eta: 0:00:02  lr: 0.01  img/s: 24465.499088589135  loss: 0.0616 (0.0575)  acc1: 98.4375 (98.2219)  acc5: 100.0000 (99.9717)  time: 0.0112  data: 0.0007  max mem: 101
Epoch: [3]  [230/469]  eta: 0:00:02  lr: 0.01  img/s: 41776.586413508674  loss: 0.0562 (0.0577)  acc1: 98.4375 (98.2143)  acc5: 100.0000 (99.9729)  time: 0.0096  data: 0.0005  max mem: 101
Epoch: [3]  [240/469]  eta: 0:00:02  lr: 0.01  img/s: 43973.37308542878  loss: 0.0560 (0.0577)  acc1: 98.4375 (98.2235)  acc5: 100.0000 (99.9708)  time: 0.0078  data: 0.0006  max mem: 101
Epoch: [3]  [250/469]  eta: 0:00:02  lr: 0.01  img/s: 10012.325618694169  loss: 0.0456 (0.0583)  acc1: 97.6562 (98.1916)  acc5: 100.0000 (99.9720)  time: 0.0071  data: 0.0010  max mem: 101
Epoch: [3]  [260/469]  eta: 0:00:02  lr: 0.01  img/s: 8385.98737894408  loss: 0.0473 (0.0581)  acc1: 98.4375 (98.2100)  acc5: 100.0000 (99.9731)  time: 0.0081  data: 0.0005  max mem: 101
Epoch: [3]  [270/469]  eta: 0:00:02  lr: 0.01  img/s: 15630.794887471977  loss: 0.0399 (0.0575)  acc1: 98.4375 (98.2184)  acc5: 100.0000 (99.9741)  time: 0.0075  data: 0.0005  max mem: 101
Epoch: [3]  [280/469]  eta: 0:00:01  lr: 0.01  img/s: 18494.932892379773  loss: 0.0455 (0.0579)  acc1: 98.4375 (98.2012)  acc5: 100.0000 (99.9750)  time: 0.0075  data: 0.0007  max mem: 101
Epoch: [3]  [290/469]  eta: 0:00:01  lr: 0.01  img/s: 10396.415801704105  loss: 0.0549 (0.0579)  acc1: 98.4375 (98.2093)  acc5: 100.0000 (99.9758)  time: 0.0087  data: 0.0006  max mem: 101
Epoch: [3]  [300/469]  eta: 0:00:01  lr: 0.01  img/s: 8993.716487419171  loss: 0.0504 (0.0578)  acc1: 98.4375 (98.2117)  acc5: 100.0000 (99.9740)  time: 0.0096  data: 0.0004  max mem: 101
Epoch: [3]  [310/469]  eta: 0:00:01  lr: 0.01  img/s: 33535.56824286339  loss: 0.0504 (0.0575)  acc1: 98.4375 (98.2190)  acc5: 100.0000 (99.9749)  time: 0.0090  data: 0.0006  max mem: 101
Epoch: [3]  [320/469]  eta: 0:00:01  lr: 0.01  img/s: 15330.84645478169  loss: 0.0664 (0.0582)  acc1: 97.6562 (98.1795)  acc5: 100.0000 (99.9732)  time: 0.0089  data: 0.0008  max mem: 101
Epoch: [3]  [330/469]  eta: 0:00:01  lr: 0.01  img/s: 26576.45225483887  loss: 0.0699 (0.0582)  acc1: 96.8750 (98.1708)  acc5: 100.0000 (99.9740)  time: 0.0088  data: 0.0004  max mem: 101
Epoch: [3]  [340/469]  eta: 0:00:01  lr: 0.01  img/s: 17207.401025641026  loss: 0.0477 (0.0579)  acc1: 98.4375 (98.1832)  acc5: 100.0000 (99.9748)  time: 0.0078  data: 0.0004  max mem: 101
Epoch: [3]  [350/469]  eta: 0:00:01  lr: 0.01  img/s: 43779.73676914295  loss: 0.0569 (0.0581)  acc1: 98.4375 (98.1815)  acc5: 100.0000 (99.9733)  time: 0.0092  data: 0.0005  max mem: 101
Epoch: [3]  [360/469]  eta: 0:00:01  lr: 0.01  img/s: 4371.55697418777  loss: 0.0639 (0.0585)  acc1: 97.6562 (98.1713)  acc5: 100.0000 (99.9719)  time: 0.0105  data: 0.0003  max mem: 101
Epoch: [3]  [370/469]  eta: 0:00:00  lr: 0.01  img/s: 33226.322069563066  loss: 0.0522 (0.0585)  acc1: 97.6562 (98.1722)  acc5: 100.0000 (99.9726)  time: 0.0098  data: 0.0006  max mem: 101
Epoch: [3]  [380/469]  eta: 0:00:00  lr: 0.01  img/s: 34498.837681531935  loss: 0.0340 (0.0580)  acc1: 98.4375 (98.1976)  acc5: 100.0000 (99.9733)  time: 0.0111  data: 0.0011  max mem: 101
Epoch: [3]  [390/469]  eta: 0:00:00  lr: 0.01  img/s: 21507.527922442114  loss: 0.0289 (0.0577)  acc1: 99.2188 (98.2097)  acc5: 100.0000 (99.9740)  time: 0.0106  data: 0.0008  max mem: 101
Epoch: [3]  [400/469]  eta: 0:00:00  lr: 0.01  img/s: 10739.7809918182  loss: 0.0382 (0.0577)  acc1: 98.4375 (98.2076)  acc5: 100.0000 (99.9747)  time: 0.0108  data: 0.0006  max mem: 101
Epoch: [3]  [410/469]  eta: 0:00:00  lr: 0.01  img/s: 41995.53441802253  loss: 0.0450 (0.0578)  acc1: 98.4375 (98.2075)  acc5: 100.0000 (99.9734)  time: 0.0112  data: 0.0006  max mem: 101
Epoch: [3]  [420/469]  eta: 0:00:00  lr: 0.01  img/s: 43240.24742268041  loss: 0.0647 (0.0583)  acc1: 98.4375 (98.2037)  acc5: 100.0000 (99.9740)  time: 0.0079  data: 0.0004  max mem: 101
Epoch: [3]  [430/469]  eta: 0:00:00  lr: 0.01  img/s: 26703.352996766975  loss: 0.0624 (0.0582)  acc1: 98.4375 (98.2109)  acc5: 100.0000 (99.9746)  time: 0.0079  data: 0.0005  max mem: 101
Epoch: [3]  [440/469]  eta: 0:00:00  lr: 0.01  img/s: 33458.23956126138  loss: 0.0316 (0.0580)  acc1: 99.2188 (98.2249)  acc5: 100.0000 (99.9752)  time: 0.0106  data: 0.0021  max mem: 101
Epoch: [3]  [450/469]  eta: 0:00:00  lr: 0.01  img/s: 20098.4917640012  loss: 0.0344 (0.0581)  acc1: 98.4375 (98.2210)  acc5: 100.0000 (99.9740)  time: 0.0087  data: 0.0018  max mem: 101
Epoch: [3]  [460/469]  eta: 0:00:00  lr: 0.01  img/s: 21692.630490120813  loss: 0.0566 (0.0584)  acc1: 97.6562 (98.2104)  acc5: 100.0000 (99.9729)  time: 0.0060  data: 0.0001  max mem: 101
Epoch: [3] Total time: 0:00:04
Test:   [ 0/79]  eta: 0:00:42  loss: 0.0360 (0.0360)  acc1: 99.2188 (99.2188)  acc5: 100.0000 (100.0000)  time: 0.5418  data: 0.5147  max mem: 101
Test:  Total time: 0:00:01
Test:  Acc@1 98.480 Acc@5 99.970
Epoch: [4]  [  0/469]  eta: 0:04:07  lr: 0.01  img/s: 14366.745484224892  loss: 0.0445 (0.0445)  acc1: 98.4375 (98.4375)  acc5: 100.0000 (100.0000)  time: 0.5285  data: 0.5196  max mem: 101
Epoch: [4]  [ 10/469]  eta: 0:00:24  lr: 0.01  img/s: 31655.124528301887  loss: 0.0677 (0.0719)  acc1: 98.4375 (98.6506)  acc5: 100.0000 (99.8580)  time: 0.0542  data: 0.0494  max mem: 101
Epoch: [4]  [ 20/469]  eta: 0:00:15  lr: 0.01  img/s: 5945.085122639943  loss: 0.0392 (0.0584)  acc1: 98.4375 (98.6607)  acc5: 100.0000 (99.9256)  time: 0.0101  data: 0.0038  max mem: 101
Epoch: [4]  [ 30/469]  eta: 0:00:11  lr: 0.01  img/s: 32171.075743048896  loss: 0.0380 (0.0595)  acc1: 98.4375 (98.3871)  acc5: 100.0000 (99.9244)  time: 0.0104  data: 0.0028  max mem: 101
Epoch: [4]  [ 40/469]  eta: 0:00:09  lr: 0.01  img/s: 10551.500795974922  loss: 0.0394 (0.0551)  acc1: 98.4375 (98.4375)  acc5: 100.0000 (99.9428)  time: 0.0080  data: 0.0007  max mem: 101
Epoch: [4]  [ 50/469]  eta: 0:00:08  lr: 0.01  img/s: 35465.11507464659  loss: 0.0309 (0.0507)  acc1: 98.4375 (98.5294)  acc5: 100.0000 (99.9540)  time: 0.0086  data: 0.0007  max mem: 101
Epoch: [4]  [ 60/469]  eta: 0:00:07  lr: 0.01  img/s: 17917.19770391136  loss: 0.0364 (0.0513)  acc1: 98.4375 (98.4887)  acc5: 100.0000 (99.9488)  time: 0.0080  data: 0.0007  max mem: 101
Epoch: [4]  [ 70/469]  eta: 0:00:06  lr: 0.01  img/s: 16022.649356850807  loss: 0.0466 (0.0518)  acc1: 97.6562 (98.4265)  acc5: 100.0000 (99.9560)  time: 0.0073  data: 0.0007  max mem: 101
Epoch: [4]  [ 80/469]  eta: 0:00:05  lr: 0.01  img/s: 14181.174705478366  loss: 0.0415 (0.0510)  acc1: 98.4375 (98.4471)  acc5: 100.0000 (99.9614)  time: 0.0070  data: 0.0005  max mem: 101
Epoch: [4]  [ 90/469]  eta: 0:00:05  lr: 0.01  img/s: 21704.03104786546  loss: 0.0341 (0.0492)  acc1: 98.4375 (98.4976)  acc5: 100.0000 (99.9571)  time: 0.0075  data: 0.0003  max mem: 101
Epoch: [4]  [100/469]  eta: 0:00:04  lr: 0.01  img/s: 22318.47482851798  loss: 0.0341 (0.0484)  acc1: 98.4375 (98.5226)  acc5: 100.0000 (99.9613)  time: 0.0078  data: 0.0004  max mem: 101
Epoch: [4]  [110/469]  eta: 0:00:04  lr: 0.01  img/s: 48917.62296127563  loss: 0.0483 (0.0495)  acc1: 98.4375 (98.5149)  acc5: 100.0000 (99.9578)  time: 0.0081  data: 0.0008  max mem: 101
Epoch: [4]  [120/469]  eta: 0:00:04  lr: 0.01  img/s: 38510.215336059104  loss: 0.0520 (0.0503)  acc1: 98.4375 (98.4827)  acc5: 100.0000 (99.9548)  time: 0.0083  data: 0.0015  max mem: 101
Epoch: [4]  [130/469]  eta: 0:00:04  lr: 0.01  img/s: 15775.473436765396  loss: 0.0392 (0.0497)  acc1: 98.4375 (98.4792)  acc5: 100.0000 (99.9583)  time: 0.0086  data: 0.0011  max mem: 101
Epoch: [4]  [140/469]  eta: 0:00:03  lr: 0.01  img/s: 42173.677297721915  loss: 0.0290 (0.0491)  acc1: 98.4375 (98.4929)  acc5: 100.0000 (99.9612)  time: 0.0087  data: 0.0013  max mem: 101
Epoch: [4]  [150/469]  eta: 0:00:03  lr: 0.01  img/s: 44855.11838917203  loss: 0.0410 (0.0490)  acc1: 98.4375 (98.4841)  acc5: 100.0000 (99.9638)  time: 0.0069  data: 0.0015  max mem: 101
Epoch: [4]  [160/469]  eta: 0:00:03  lr: 0.01  img/s: 33634.313494549555  loss: 0.0440 (0.0485)  acc1: 98.4375 (98.5006)  acc5: 100.0000 (99.9660)  time: 0.0061  data: 0.0012  max mem: 101
Epoch: [4]  [170/469]  eta: 0:00:03  lr: 0.01  img/s: 13820.494053441796  loss: 0.0387 (0.0484)  acc1: 98.4375 (98.5106)  acc5: 100.0000 (99.9680)  time: 0.0076  data: 0.0014  max mem: 101
Epoch: [4]  [180/469]  eta: 0:00:03  lr: 0.01  img/s: 42133.95950400251  loss: 0.0387 (0.0483)  acc1: 98.4375 (98.5066)  acc5: 100.0000 (99.9698)  time: 0.0086  data: 0.0007  max mem: 101
Epoch: [4]  [190/469]  eta: 0:00:03  lr: 0.01  img/s: 27316.114378752416  loss: 0.0419 (0.0485)  acc1: 98.4375 (98.4948)  acc5: 100.0000 (99.9714)  time: 0.0080  data: 0.0003  max mem: 101
Epoch: [4]  [200/469]  eta: 0:00:02  lr: 0.01  img/s: 23306.74677664424  loss: 0.0419 (0.0482)  acc1: 98.4375 (98.5036)  acc5: 100.0000 (99.9728)  time: 0.0089  data: 0.0020  max mem: 101
Epoch: [4]  [210/469]  eta: 0:00:02  lr: 0.01  img/s: 14247.410222387347  loss: 0.0344 (0.0475)  acc1: 99.2188 (98.5264)  acc5: 100.0000 (99.9741)  time: 0.0090  data: 0.0023  max mem: 101
Epoch: [4]  [220/469]  eta: 0:00:02  lr: 0.01  img/s: 38238.66894586894  loss: 0.0344 (0.0479)  acc1: 98.4375 (98.5117)  acc5: 100.0000 (99.9753)  time: 0.0082  data: 0.0016  max mem: 101
Epoch: [4]  [230/469]  eta: 0:00:02  lr: 0.01  img/s: 29366.092987638112  loss: 0.0515 (0.0480)  acc1: 98.4375 (98.5051)  acc5: 100.0000 (99.9763)  time: 0.0079  data: 0.0020  max mem: 101
Epoch: [4]  [240/469]  eta: 0:00:02  lr: 0.01  img/s: 9125.956790018528  loss: 0.0468 (0.0479)  acc1: 98.4375 (98.5056)  acc5: 100.0000 (99.9773)  time: 0.0069  data: 0.0012  max mem: 101
Epoch: [4]  [250/469]  eta: 0:00:02  lr: 0.01  img/s: 9242.53123762632  loss: 0.0399 (0.0479)  acc1: 98.4375 (98.4904)  acc5: 100.0000 (99.9782)  time: 0.0074  data: 0.0010  max mem: 101
Epoch: [4]  [260/469]  eta: 0:00:02  lr: 0.01  img/s: 32402.13120888406  loss: 0.0506 (0.0478)  acc1: 97.6562 (98.4824)  acc5: 100.0000 (99.9790)  time: 0.0062  data: 0.0008  max mem: 101
Epoch: [4]  [270/469]  eta: 0:00:01  lr: 0.01  img/s: 13982.469840608397  loss: 0.0506 (0.0478)  acc1: 98.4375 (98.4923)  acc5: 100.0000 (99.9769)  time: 0.0058  data: 0.0003  max mem: 101
Epoch: [4]  [280/469]  eta: 0:00:01  lr: 0.01  img/s: 36936.423254213965  loss: 0.0497 (0.0481)  acc1: 98.4375 (98.4848)  acc5: 100.0000 (99.9778)  time: 0.0060  data: 0.0003  max mem: 101
Epoch: [4]  [290/469]  eta: 0:00:01  lr: 0.01  img/s: 20797.664523126987  loss: 0.0415 (0.0477)  acc1: 98.4375 (98.4966)  acc5: 100.0000 (99.9785)  time: 0.0063  data: 0.0002  max mem: 101
Epoch: [4]  [300/469]  eta: 0:00:01  lr: 0.01  img/s: 34412.59611563361  loss: 0.0431 (0.0479)  acc1: 98.4375 (98.4920)  acc5: 100.0000 (99.9792)  time: 0.0072  data: 0.0007  max mem: 101
Epoch: [4]  [310/469]  eta: 0:00:01  lr: 0.01  img/s: 33810.12104036778  loss: 0.0532 (0.0479)  acc1: 98.4375 (98.4928)  acc5: 100.0000 (99.9799)  time: 0.0065  data: 0.0012  max mem: 101
Epoch: [4]  [320/469]  eta: 0:00:01  lr: 0.01  img/s: 30738.057483110042  loss: 0.0337 (0.0477)  acc1: 98.4375 (98.5008)  acc5: 100.0000 (99.9805)  time: 0.0061  data: 0.0010  max mem: 101
Epoch: [4]  [330/469]  eta: 0:00:01  lr: 0.01  img/s: 35234.68609306294  loss: 0.0427 (0.0478)  acc1: 98.4375 (98.4918)  acc5: 100.0000 (99.9811)  time: 0.0064  data: 0.0008  max mem: 101
Epoch: [4]  [340/469]  eta: 0:00:01  lr: 0.01  img/s: 21386.723180496356  loss: 0.0532 (0.0486)  acc1: 97.6562 (98.4764)  acc5: 100.0000 (99.9817)  time: 0.0083  data: 0.0015  max mem: 101
Epoch: [4]  [350/469]  eta: 0:00:01  lr: 0.01  img/s: 34456.768628457736  loss: 0.0581 (0.0486)  acc1: 98.4375 (98.4753)  acc5: 100.0000 (99.9822)  time: 0.0083  data: 0.0020  max mem: 101
Epoch: [4]  [360/469]  eta: 0:00:00  lr: 0.01  img/s: 16398.512844008674  loss: 0.0403 (0.0488)  acc1: 98.4375 (98.4765)  acc5: 100.0000 (99.9805)  time: 0.0065  data: 0.0015  max mem: 101
Epoch: [4]  [370/469]  eta: 0:00:00  lr: 0.01  img/s: 25843.40579570617  loss: 0.0600 (0.0488)  acc1: 98.4375 (98.4817)  acc5: 100.0000 (99.9810)  time: 0.0063  data: 0.0008  max mem: 101
Epoch: [4]  [380/469]  eta: 0:00:00  lr: 0.01  img/s: 17906.440931225403  loss: 0.0303 (0.0483)  acc1: 99.2188 (98.5011)  acc5: 100.0000 (99.9815)  time: 0.0085  data: 0.0015  max mem: 101
Epoch: [4]  [390/469]  eta: 0:00:00  lr: 0.01  img/s: 18076.461683501682  loss: 0.0469 (0.0487)  acc1: 98.4375 (98.4855)  acc5: 100.0000 (99.9820)  time: 0.0086  data: 0.0014  max mem: 101
Epoch: [4]  [400/469]  eta: 0:00:00  lr: 0.01  img/s: 7820.40658412236  loss: 0.0504 (0.0486)  acc1: 98.4375 (98.4843)  acc5: 100.0000 (99.9825)  time: 0.0085  data: 0.0010  max mem: 101
Epoch: [4]  [410/469]  eta: 0:00:00  lr: 0.01  img/s: 24987.010704644887  loss: 0.0402 (0.0488)  acc1: 98.4375 (98.4812)  acc5: 100.0000 (99.9829)  time: 0.0093  data: 0.0009  max mem: 101
Epoch: [4]  [420/469]  eta: 0:00:00  lr: 0.01  img/s: 48948.84318016047  loss: 0.0505 (0.0487)  acc1: 98.4375 (98.4857)  acc5: 100.0000 (99.9814)  time: 0.0083  data: 0.0004  max mem: 101
Epoch: [4]  [430/469]  eta: 0:00:00  lr: 0.01  img/s: 39824.26466879312  loss: 0.0372 (0.0488)  acc1: 98.4375 (98.4901)  acc5: 100.0000 (99.9819)  time: 0.0066  data: 0.0004  max mem: 101
Epoch: [4]  [440/469]  eta: 0:00:00  lr: 0.01  img/s: 38721.30631085467  loss: 0.0331 (0.0485)  acc1: 98.4375 (98.4960)  acc5: 100.0000 (99.9823)  time: 0.0080  data: 0.0029  max mem: 101
Epoch: [4]  [450/469]  eta: 0:00:00  lr: 0.01  img/s: 38802.465452442906  loss: 0.0398 (0.0486)  acc1: 98.4375 (98.4947)  acc5: 100.0000 (99.9809)  time: 0.0069  data: 0.0028  max mem: 101
Epoch: [4]  [460/469]  eta: 0:00:00  lr: 0.01  img/s: 35870.30881272132  loss: 0.0421 (0.0488)  acc1: 97.6562 (98.4866)  acc5: 100.0000 (99.9814)  time: 0.0032  data: 0.0001  max mem: 101
Epoch: [4] Total time: 0:00:04
Test:   [ 0/79]  eta: 0:00:49  loss: 0.0132 (0.0132)  acc1: 100.0000 (100.0000)  acc5: 100.0000 (100.0000)  time: 0.6252  data: 0.6229  max mem: 101
Test:  Total time: 0:00:01
Test:  Acc@1 98.340 Acc@5 99.980
Epoch: [5]  [  0/469]  eta: 0:04:30  lr: 0.01  img/s: 12062.346364698482  loss: 0.0424 (0.0424)  acc1: 97.6562 (97.6562)  acc5: 100.0000 (100.0000)  time: 0.5776  data: 0.5669  max mem: 101
Epoch: [5]  [ 10/469]  eta: 0:00:34  lr: 0.01  img/s: 52904.11036657469  loss: 0.0385 (0.0422)  acc1: 99.2188 (98.9347)  acc5: 100.0000 (100.0000)  time: 0.0742  data: 0.0679  max mem: 101
Epoch: [5]  [ 20/469]  eta: 0:00:19  lr: 0.01  img/s: 12082.162979633173  loss: 0.0294 (0.0395)  acc1: 99.2188 (98.9583)  acc5: 100.0000 (100.0000)  time: 0.0178  data: 0.0098  max mem: 101
Epoch: [5]  [ 30/469]  eta: 0:00:14  lr: 0.01  img/s: 37081.842243403786  loss: 0.0261 (0.0394)  acc1: 99.2188 (98.8911)  acc5: 100.0000 (100.0000)  time: 0.0111  data: 0.0016  max mem: 101
Epoch: [5]  [ 40/469]  eta: 0:00:11  lr: 0.01  img/s: 56787.69959805373  loss: 0.0283 (0.0382)  acc1: 99.2188 (98.9329)  acc5: 100.0000 (100.0000)  time: 0.0090  data: 0.0011  max mem: 101
Epoch: [5]  [ 50/469]  eta: 0:00:09  lr: 0.01  img/s: 35887.09304812834  loss: 0.0283 (0.0367)  acc1: 99.2188 (98.9890)  acc5: 100.0000 (100.0000)  time: 0.0063  data: 0.0006  max mem: 101
Epoch: [5]  [ 60/469]  eta: 0:00:08  lr: 0.01  img/s: 19662.720187518313  loss: 0.0273 (0.0392)  acc1: 99.2188 (98.9242)  acc5: 100.0000 (99.9872)  time: 0.0063  data: 0.0005  max mem: 101
Epoch: [5]  [ 70/469]  eta: 0:00:07  lr: 0.01  img/s: 16122.733775789062  loss: 0.0275 (0.0405)  acc1: 98.4375 (98.8666)  acc5: 100.0000 (99.9890)  time: 0.0084  data: 0.0008  max mem: 101
Epoch: [5]  [ 80/469]  eta: 0:00:06  lr: 0.01  img/s: 32217.40950552088  loss: 0.0412 (0.0418)  acc1: 98.4375 (98.8233)  acc5: 100.0000 (99.9904)  time: 0.0085  data: 0.0009  max mem: 101
Epoch: [5]  [ 90/469]  eta: 0:00:06  lr: 0.01  img/s: 13834.739782507859  loss: 0.0372 (0.0416)  acc1: 98.4375 (98.7981)  acc5: 100.0000 (99.9914)  time: 0.0089  data: 0.0007  max mem: 101
Epoch: [5]  [100/469]  eta: 0:00:05  lr: 0.01  img/s: 18252.844388535683  loss: 0.0326 (0.0413)  acc1: 99.2188 (98.8165)  acc5: 100.0000 (99.9923)  time: 0.0088  data: 0.0006  max mem: 101
Epoch: [5]  [110/469]  eta: 0:00:05  lr: 0.01  img/s: 11304.925500105286  loss: 0.0285 (0.0404)  acc1: 99.2188 (98.8246)  acc5: 100.0000 (99.9930)  time: 0.0091  data: 0.0003  max mem: 101
Epoch: [5]  [120/469]  eta: 0:00:05  lr: 0.01  img/s: 13789.964861810337  loss: 0.0288 (0.0400)  acc1: 99.2188 (98.8378)  acc5: 100.0000 (99.9871)  time: 0.0093  data: 0.0004  max mem: 101
Epoch: [5]  [130/469]  eta: 0:00:04  lr: 0.01  img/s: 18365.234905757192  loss: 0.0329 (0.0401)  acc1: 99.2188 (98.8311)  acc5: 100.0000 (99.9881)  time: 0.0086  data: 0.0005  max mem: 101
Epoch: [5]  [140/469]  eta: 0:00:04  lr: 0.01  img/s: 6746.474050617005  loss: 0.0318 (0.0398)  acc1: 99.2188 (98.8198)  acc5: 100.0000 (99.9889)  time: 0.0090  data: 0.0002  max mem: 101
Epoch: [5]  [150/469]  eta: 0:00:04  lr: 0.01  img/s: 48279.758273381296  loss: 0.0375 (0.0403)  acc1: 98.4375 (98.7997)  acc5: 100.0000 (99.9897)  time: 0.0072  data: 0.0001  max mem: 101
Epoch: [5]  [160/469]  eta: 0:00:03  lr: 0.01  img/s: 28720.425399882308  loss: 0.0389 (0.0405)  acc1: 98.4375 (98.7675)  acc5: 100.0000 (99.9903)  time: 0.0053  data: 0.0004  max mem: 101
Epoch: [5]  [170/469]  eta: 0:00:03  lr: 0.01  img/s: 12006.77443306347  loss: 0.0367 (0.0404)  acc1: 99.2188 (98.7619)  acc5: 100.0000 (99.9863)  time: 0.0060  data: 0.0007  max mem: 101
Epoch: [5]  [180/469]  eta: 0:00:03  lr: 0.01  img/s: 47683.711874944485  loss: 0.0412 (0.0408)  acc1: 98.4375 (98.7310)  acc5: 100.0000 (99.9871)  time: 0.0059  data: 0.0007  max mem: 101
Epoch: [5]  [190/469]  eta: 0:00:03  lr: 0.01  img/s: 48554.84417111332  loss: 0.0416 (0.0414)  acc1: 98.4375 (98.7361)  acc5: 100.0000 (99.9836)  time: 0.0070  data: 0.0005  max mem: 101
Epoch: [5]  [200/469]  eta: 0:00:03  lr: 0.01  img/s: 7596.33409267775  loss: 0.0404 (0.0416)  acc1: 98.4375 (98.7135)  acc5: 100.0000 (99.9845)  time: 0.0074  data: 0.0003  max mem: 101
Epoch: [5]  [210/469]  eta: 0:00:02  lr: 0.01  img/s: 45294.095334514466  loss: 0.0404 (0.0420)  acc1: 98.4375 (98.7004)  acc5: 100.0000 (99.9815)  time: 0.0065  data: 0.0004  max mem: 101
Epoch: [5]  [220/469]  eta: 0:00:02  lr: 0.01  img/s: 22333.329672615335  loss: 0.0360 (0.0421)  acc1: 98.4375 (98.6991)  acc5: 100.0000 (99.9823)  time: 0.0093  data: 0.0009  max mem: 101
Epoch: [5]  [230/469]  eta: 0:00:02  lr: 0.01  img/s: 22026.37695905473  loss: 0.0411 (0.0425)  acc1: 98.4375 (98.6709)  acc5: 100.0000 (99.9831)  time: 0.0087  data: 0.0008  max mem: 101
Epoch: [5]  [240/469]  eta: 0:00:02  lr: 0.01  img/s: 44479.77729908865  loss: 0.0575 (0.0431)  acc1: 97.6562 (98.6223)  acc5: 100.0000 (99.9838)  time: 0.0067  data: 0.0005  max mem: 101
Epoch: [5]  [250/469]  eta: 0:00:02  lr: 0.01  img/s: 39121.97857611309  loss: 0.0524 (0.0431)  acc1: 98.4375 (98.6243)  acc5: 100.0000 (99.9844)  time: 0.0089  data: 0.0010  max mem: 101
Epoch: [5]  [260/469]  eta: 0:00:02  lr: 0.01  img/s: 18556.301396377712  loss: 0.0329 (0.0430)  acc1: 99.2188 (98.6291)  acc5: 100.0000 (99.9820)  time: 0.0090  data: 0.0008  max mem: 101
Epoch: [5]  [270/469]  eta: 0:00:02  lr: 0.01  img/s: 39694.706987061  loss: 0.0329 (0.0430)  acc1: 99.2188 (98.6249)  acc5: 100.0000 (99.9827)  time: 0.0089  data: 0.0004  max mem: 101
Epoch: [5]  [280/469]  eta: 0:00:01  lr: 0.01  img/s: 53719.322793676205  loss: 0.0551 (0.0438)  acc1: 98.4375 (98.6043)  acc5: 100.0000 (99.9805)  time: 0.0069  data: 0.0004  max mem: 101
Epoch: [5]  [290/469]  eta: 0:00:01  lr: 0.01  img/s: 31133.780561354673  loss: 0.0561 (0.0439)  acc1: 98.4375 (98.5932)  acc5: 100.0000 (99.9812)  time: 0.0066  data: 0.0012  max mem: 101
Epoch: [5]  [300/469]  eta: 0:00:01  lr: 0.01  img/s: 10062.053227378365  loss: 0.0522 (0.0439)  acc1: 98.4375 (98.5932)  acc5: 100.0000 (99.9818)  time: 0.0078  data: 0.0014  max mem: 101
Epoch: [5]  [310/469]  eta: 0:00:01  lr: 0.01  img/s: 36425.192482529346  loss: 0.0324 (0.0439)  acc1: 98.4375 (98.5882)  acc5: 100.0000 (99.9824)  time: 0.0067  data: 0.0009  max mem: 101
Epoch: [5]  [320/469]  eta: 0:00:01  lr: 0.01  img/s: 27043.66874874068  loss: 0.0309 (0.0439)  acc1: 98.4375 (98.6006)  acc5: 100.0000 (99.9830)  time: 0.0084  data: 0.0009  max mem: 101
Epoch: [5]  [330/469]  eta: 0:00:01  lr: 0.01  img/s: 16249.119612590799  loss: 0.0320 (0.0439)  acc1: 98.4375 (98.6004)  acc5: 100.0000 (99.9835)  time: 0.0105  data: 0.0004  max mem: 101
Epoch: [5]  [340/469]  eta: 0:00:01  lr: 0.01  img/s: 15506.192762036797  loss: 0.0376 (0.0439)  acc1: 98.4375 (98.6002)  acc5: 100.0000 (99.9840)  time: 0.0118  data: 0.0011  max mem: 101
Epoch: [5]  [350/469]  eta: 0:00:01  lr: 0.01  img/s: 22025.47331282051  loss: 0.0393 (0.0438)  acc1: 98.4375 (98.5933)  acc5: 100.0000 (99.9844)  time: 0.0080  data: 0.0011  max mem: 101
Epoch: [5]  [360/469]  eta: 0:00:01  lr: 0.01  img/s: 38086.75595913734  loss: 0.0357 (0.0436)  acc1: 98.4375 (98.6041)  acc5: 100.0000 (99.9849)  time: 0.0062  data: 0.0007  max mem: 101
Epoch: [5]  [370/469]  eta: 0:00:00  lr: 0.01  img/s: 33638.528320802005  loss: 0.0325 (0.0437)  acc1: 99.2188 (98.6039)  acc5: 100.0000 (99.9853)  time: 0.0082  data: 0.0014  max mem: 101
Epoch: [5]  [380/469]  eta: 0:00:00  lr: 0.01  img/s: 24011.400867659555  loss: 0.0344 (0.0437)  acc1: 98.4375 (98.6015)  acc5: 100.0000 (99.9856)  time: 0.0071  data: 0.0009  max mem: 101
Epoch: [5]  [390/469]  eta: 0:00:00  lr: 0.01  img/s: 49885.79371863966  loss: 0.0325 (0.0436)  acc1: 98.4375 (98.6013)  acc5: 100.0000 (99.9860)  time: 0.0073  data: 0.0011  max mem: 101
Epoch: [5]  [400/469]  eta: 0:00:00  lr: 0.01  img/s: 45835.474430120375  loss: 0.0315 (0.0433)  acc1: 99.2188 (98.6148)  acc5: 100.0000 (99.9864)  time: 0.0061  data: 0.0012  max mem: 101
Epoch: [5]  [410/469]  eta: 0:00:00  lr: 0.01  img/s: 33854.89418589986  loss: 0.0395 (0.0435)  acc1: 99.2188 (98.6105)  acc5: 100.0000 (99.9867)  time: 0.0058  data: 0.0005  max mem: 101
Epoch: [5]  [420/469]  eta: 0:00:00  lr: 0.01  img/s: 43616.12738646519  loss: 0.0359 (0.0432)  acc1: 98.4375 (98.6231)  acc5: 100.0000 (99.9870)  time: 0.0080  data: 0.0010  max mem: 101
Epoch: [5]  [430/469]  eta: 0:00:00  lr: 0.01  img/s: 16085.537871524448  loss: 0.0274 (0.0432)  acc1: 99.2188 (98.6188)  acc5: 100.0000 (99.9855)  time: 0.0097  data: 0.0013  max mem: 101
Epoch: [5]  [440/469]  eta: 0:00:00  lr: 0.01  img/s: 47527.524079320116  loss: 0.0252 (0.0429)  acc1: 99.2188 (98.6306)  acc5: 100.0000 (99.9858)  time: 0.0109  data: 0.0020  max mem: 101
Epoch: [5]  [450/469]  eta: 0:00:00  lr: 0.01  img/s: 50039.231242427064  loss: 0.0204 (0.0425)  acc1: 99.2188 (98.6471)  acc5: 100.0000 (99.9861)  time: 0.0066  data: 0.0014  max mem: 101
Epoch: [5]  [460/469]  eta: 0:00:00  lr: 0.01  img/s: 26783.283212771265  loss: 0.0226 (0.0423)  acc1: 99.2188 (98.6476)  acc5: 100.0000 (99.9864)  time: 0.0028  data: 0.0001  max mem: 101
Epoch: [5] Total time: 0:00:04
Test:   [ 0/79]  eta: 0:00:40  loss: 0.0129 (0.0129)  acc1: 100.0000 (100.0000)  acc5: 100.0000 (100.0000)  time: 0.5169  data: 0.5119  max mem: 101
Test:  Total time: 0:00:01
Test:  Acc@1 98.470 Acc@5 99.980
Epoch: [6]  [  0/469]  eta: 0:03:56  lr: 0.01  img/s: 11407.494464866244  loss: 0.0371 (0.0371)  acc1: 98.4375 (98.4375)  acc5: 100.0000 (100.0000)  time: 0.5037  data: 0.4925  max mem: 101
Epoch: [6]  [ 10/469]  eta: 0:00:29  lr: 0.01  img/s: 21080.214857860847  loss: 0.0371 (0.0473)  acc1: 98.4375 (98.6506)  acc5: 100.0000 (100.0000)  time: 0.0632  data: 0.0570  max mem: 101
Epoch: [6]  [ 20/469]  eta: 0:00:17  lr: 0.01  img/s: 13200.986304064521  loss: 0.0288 (0.0398)  acc1: 98.4375 (98.8467)  acc5: 100.0000 (99.9628)  time: 0.0158  data: 0.0081  max mem: 101
Epoch: [6]  [ 30/469]  eta: 0:00:12  lr: 0.01  img/s: 43205.44921937872  loss: 0.0175 (0.0346)  acc1: 99.2188 (98.9415)  acc5: 100.0000 (99.9748)  time: 0.0097  data: 0.0016  max mem: 101
Epoch: [6]  [ 40/469]  eta: 0:00:09  lr: 0.01  img/s: 24620.329817481426  loss: 0.0269 (0.0334)  acc1: 99.2188 (98.9329)  acc5: 100.0000 (99.9809)  time: 0.0067  data: 0.0007  max mem: 101
Epoch: [6]  [ 50/469]  eta: 0:00:08  lr: 0.01  img/s: 19078.56830135039  loss: 0.0286 (0.0342)  acc1: 99.2188 (98.8664)  acc5: 100.0000 (99.9847)  time: 0.0072  data: 0.0007  max mem: 101
Epoch: [6]  [ 60/469]  eta: 0:00:07  lr: 0.01  img/s: 40503.275141456055  loss: 0.0294 (0.0348)  acc1: 98.4375 (98.8601)  acc5: 100.0000 (99.9872)  time: 0.0080  data: 0.0002  max mem: 101
Epoch: [6]  [ 70/469]  eta: 0:00:06  lr: 0.01  img/s: 38718.51377470071  loss: 0.0234 (0.0335)  acc1: 99.2188 (98.8886)  acc5: 100.0000 (99.9890)  time: 0.0087  data: 0.0003  max mem: 101
Epoch: [6]  [ 80/469]  eta: 0:00:06  lr: 0.01  img/s: 12666.23205775492  loss: 0.0268 (0.0335)  acc1: 99.2188 (98.8715)  acc5: 100.0000 (99.9904)  time: 0.0087  data: 0.0006  max mem: 101
Epoch: [6]  [ 90/469]  eta: 0:00:05  lr: 0.01  img/s: 14490.834084590677  loss: 0.0302 (0.0355)  acc1: 98.4375 (98.8496)  acc5: 100.0000 (99.9828)  time: 0.0077  data: 0.0005  max mem: 101
Epoch: [6]  [100/469]  eta: 0:00:05  lr: 0.01  img/s: 29746.836879432623  loss: 0.0268 (0.0345)  acc1: 98.4375 (98.8784)  acc5: 100.0000 (99.9845)  time: 0.0071  data: 0.0007  max mem: 101
Epoch: [6]  [110/469]  eta: 0:00:04  lr: 0.01  img/s: 10630.896655511771  loss: 0.0174 (0.0338)  acc1: 99.2188 (98.9161)  acc5: 100.0000 (99.9859)  time: 0.0086  data: 0.0008  max mem: 101
Epoch: [6]  [120/469]  eta: 0:00:04  lr: 0.01  img/s: 13748.294801536491  loss: 0.0174 (0.0331)  acc1: 99.2188 (98.9540)  acc5: 100.0000 (99.9871)  time: 0.0097  data: 0.0003  max mem: 101
Epoch: [6]  [130/469]  eta: 0:00:04  lr: 0.01  img/s: 34841.38568369135  loss: 0.0235 (0.0336)  acc1: 99.2188 (98.9504)  acc5: 100.0000 (99.9881)  time: 0.0080  data: 0.0002  max mem: 101
Epoch: [6]  [140/469]  eta: 0:00:04  lr: 0.01  img/s: 20328.31927300265  loss: 0.0267 (0.0340)  acc1: 99.2188 (98.9417)  acc5: 100.0000 (99.9834)  time: 0.0091  data: 0.0022  max mem: 101
Epoch: [6]  [150/469]  eta: 0:00:03  lr: 0.01  img/s: 40546.10014349369  loss: 0.0248 (0.0343)  acc1: 99.2188 (98.9394)  acc5: 100.0000 (99.9793)  time: 0.0092  data: 0.0023  max mem: 101
Epoch: [6]  [160/469]  eta: 0:00:03  lr: 0.01  img/s: 19855.427789489255  loss: 0.0338 (0.0351)  acc1: 99.2188 (98.9130)  acc5: 100.0000 (99.9806)  time: 0.0080  data: 0.0015  max mem: 101
Epoch: [6]  [170/469]  eta: 0:00:03  lr: 0.01  img/s: 14840.116980401914  loss: 0.0337 (0.0349)  acc1: 98.4375 (98.9126)  acc5: 100.0000 (99.9817)  time: 0.0089  data: 0.0018  max mem: 101
Epoch: [6]  [180/469]  eta: 0:00:03  lr: 0.01  img/s: 37293.06140594609  loss: 0.0249 (0.0345)  acc1: 99.2188 (98.9252)  acc5: 100.0000 (99.9827)  time: 0.0081  data: 0.0010  max mem: 101
Epoch: [6]  [190/469]  eta: 0:00:03  lr: 0.01  img/s: 9400.317131250875  loss: 0.0287 (0.0346)  acc1: 99.2188 (98.9161)  acc5: 100.0000 (99.9836)  time: 0.0078  data: 0.0012  max mem: 101
Epoch: [6]  [200/469]  eta: 0:00:03  lr: 0.01  img/s: 28754.266616678273  loss: 0.0349 (0.0350)  acc1: 98.4375 (98.9000)  acc5: 100.0000 (99.9845)  time: 0.0072  data: 0.0011  max mem: 101
Epoch: [6]  [210/469]  eta: 0:00:02  lr: 0.01  img/s: 11452.757471681209  loss: 0.0229 (0.0342)  acc1: 99.2188 (98.9336)  acc5: 100.0000 (99.9852)  time: 0.0084  data: 0.0014  max mem: 101
Epoch: [6]  [220/469]  eta: 0:00:02  lr: 0.01  img/s: 30854.650114942528  loss: 0.0180 (0.0340)  acc1: 99.2188 (98.9465)  acc5: 100.0000 (99.9859)  time: 0.0084  data: 0.0011  max mem: 101
Epoch: [6]  [230/469]  eta: 0:00:02  lr: 0.01  img/s: 38488.12904150835  loss: 0.0266 (0.0345)  acc1: 99.2188 (98.9414)  acc5: 100.0000 (99.9865)  time: 0.0055  data: 0.0005  max mem: 101
Epoch: [6]  [240/469]  eta: 0:00:02  lr: 0.01  img/s: 10596.90330221266  loss: 0.0259 (0.0348)  acc1: 99.2188 (98.9270)  acc5: 100.0000 (99.9870)  time: 0.0069  data: 0.0017  max mem: 101
Epoch: [6]  [250/469]  eta: 0:00:02  lr: 0.01  img/s: 21362.8949106681  loss: 0.0256 (0.0344)  acc1: 99.2188 (98.9324)  acc5: 100.0000 (99.9875)  time: 0.0100  data: 0.0016  max mem: 101
Epoch: [6]  [260/469]  eta: 0:00:02  lr: 0.01  img/s: 33277.81020269014  loss: 0.0323 (0.0351)  acc1: 98.4375 (98.9074)  acc5: 100.0000 (99.9880)  time: 0.0108  data: 0.0005  max mem: 101
Epoch: [6]  [270/469]  eta: 0:00:02  lr: 0.01  img/s: 27668.053597196453  loss: 0.0328 (0.0348)  acc1: 98.4375 (98.9247)  acc5: 100.0000 (99.9856)  time: 0.0083  data: 0.0007  max mem: 101
Epoch: [6]  [280/469]  eta: 0:00:01  lr: 0.01  img/s: 35490.90447544126  loss: 0.0259 (0.0350)  acc1: 99.2188 (98.9268)  acc5: 100.0000 (99.9861)  time: 0.0065  data: 0.0006  max mem: 101
Epoch: [6]  [290/469]  eta: 0:00:01  lr: 0.01  img/s: 21922.94140226224  loss: 0.0293 (0.0353)  acc1: 98.4375 (98.9100)  acc5: 100.0000 (99.9866)  time: 0.0077  data: 0.0010  max mem: 101
Epoch: [6]  [300/469]  eta: 0:00:01  lr: 0.01  img/s: 10276.811546486477  loss: 0.0395 (0.0355)  acc1: 98.4375 (98.8969)  acc5: 100.0000 (99.9870)  time: 0.0082  data: 0.0010  max mem: 101
Epoch: [6]  [310/469]  eta: 0:00:01  lr: 0.01  img/s: 47214.0455544807  loss: 0.0395 (0.0355)  acc1: 98.4375 (98.8997)  acc5: 100.0000 (99.9874)  time: 0.0076  data: 0.0003  max mem: 101
Epoch: [6]  [320/469]  eta: 0:00:01  lr: 0.01  img/s: 10747.305761300397  loss: 0.0290 (0.0355)  acc1: 99.2188 (98.8999)  acc5: 100.0000 (99.9878)  time: 0.0073  data: 0.0002  max mem: 101
Epoch: [6]  [330/469]  eta: 0:00:01  lr: 0.01  img/s: 34388.349474763  loss: 0.0370 (0.0359)  acc1: 98.4375 (98.8883)  acc5: 100.0000 (99.9882)  time: 0.0087  data: 0.0014  max mem: 101
Epoch: [6]  [340/469]  eta: 0:00:01  lr: 0.01  img/s: 16019.302739153787  loss: 0.0370 (0.0359)  acc1: 98.4375 (98.8934)  acc5: 100.0000 (99.9885)  time: 0.0105  data: 0.0022  max mem: 101
Epoch: [6]  [350/469]  eta: 0:00:01  lr: 0.01  img/s: 21994.79339587857  loss: 0.0204 (0.0356)  acc1: 99.2188 (98.9116)  acc5: 100.0000 (99.9889)  time: 0.0104  data: 0.0017  max mem: 101
Epoch: [6]  [360/469]  eta: 0:00:01  lr: 0.01  img/s: 11684.060850072907  loss: 0.0199 (0.0355)  acc1: 99.2188 (98.9093)  acc5: 100.0000 (99.9892)  time: 0.0097  data: 0.0011  max mem: 101
Epoch: [6]  [370/469]  eta: 0:00:00  lr: 0.01  img/s: 16749.474682557015  loss: 0.0254 (0.0358)  acc1: 98.4375 (98.9050)  acc5: 100.0000 (99.9874)  time: 0.0093  data: 0.0006  max mem: 101
Epoch: [6]  [380/469]  eta: 0:00:00  lr: 0.01  img/s: 19418.074074074073  loss: 0.0277 (0.0359)  acc1: 99.2188 (98.9009)  acc5: 100.0000 (99.9877)  time: 0.0076  data: 0.0004  max mem: 101
Epoch: [6]  [390/469]  eta: 0:00:00  lr: 0.01  img/s: 31968.0190544242  loss: 0.0277 (0.0356)  acc1: 99.2188 (98.9031)  acc5: 100.0000 (99.9880)  time: 0.0068  data: 0.0003  max mem: 101
Epoch: [6]  [400/469]  eta: 0:00:00  lr: 0.01  img/s: 48939.91905195989  loss: 0.0222 (0.0354)  acc1: 99.2188 (98.9109)  acc5: 100.0000 (99.9883)  time: 0.0087  data: 0.0012  max mem: 101
Epoch: [6]  [410/469]  eta: 0:00:00  lr: 0.01  img/s: 15531.313449243498  loss: 0.0249 (0.0354)  acc1: 99.2188 (98.9108)  acc5: 100.0000 (99.9886)  time: 0.0092  data: 0.0011  max mem: 101
Epoch: [6]  [420/469]  eta: 0:00:00  lr: 0.01  img/s: 10552.33036539104  loss: 0.0269 (0.0354)  acc1: 99.2188 (98.9070)  acc5: 100.0000 (99.9889)  time: 0.0092  data: 0.0007  max mem: 101
Epoch: [6]  [430/469]  eta: 0:00:00  lr: 0.01  img/s: 7775.441539820702  loss: 0.0191 (0.0352)  acc1: 99.2188 (98.9106)  acc5: 100.0000 (99.9891)  time: 0.0098  data: 0.0013  max mem: 101
Epoch: [6]  [440/469]  eta: 0:00:00  lr: 0.01  img/s: 43517.13641890249  loss: 0.0371 (0.0356)  acc1: 98.4375 (98.8875)  acc5: 100.0000 (99.9894)  time: 0.0100  data: 0.0024  max mem: 101
Epoch: [6]  [450/469]  eta: 0:00:00  lr: 0.01  img/s: 16214.276584820755  loss: 0.0532 (0.0360)  acc1: 97.6562 (98.8688)  acc5: 100.0000 (99.9896)  time: 0.0076  data: 0.0018  max mem: 101
Epoch: [6]  [460/469]  eta: 0:00:00  lr: 0.01  img/s: 35879.89788144089  loss: 0.0347 (0.0361)  acc1: 98.4375 (98.8747)  acc5: 100.0000 (99.9898)  time: 0.0053  data: 0.0001  max mem: 101
Epoch: [6] Total time: 0:00:04
Test:   [ 0/79]  eta: 0:00:41  loss: 0.0131 (0.0131)  acc1: 100.0000 (100.0000)  acc5: 100.0000 (100.0000)  time: 0.5298  data: 0.5267  max mem: 101
Test:  Total time: 0:00:01
Test:  Acc@1 98.880 Acc@5 99.980
Epoch: [7]  [  0/469]  eta: 0:03:59  lr: 0.01  img/s: 12258.166358426377  loss: 0.0354 (0.0354)  acc1: 98.4375 (98.4375)  acc5: 100.0000 (100.0000)  time: 0.5103  data: 0.4998  max mem: 101
Epoch: [7]  [ 10/469]  eta: 0:00:27  lr: 0.01  img/s: 29353.24833242209  loss: 0.0262 (0.0313)  acc1: 99.2188 (98.9347)  acc5: 100.0000 (100.0000)  time: 0.0608  data: 0.0527  max mem: 101
Epoch: [7]  [ 20/469]  eta: 0:00:16  lr: 0.01  img/s: 17837.428134759786  loss: 0.0195 (0.0290)  acc1: 99.2188 (99.0699)  acc5: 100.0000 (100.0000)  time: 0.0125  data: 0.0045  max mem: 101
Epoch: [7]  [ 30/469]  eta: 0:00:11  lr: 0.01  img/s: 8273.936412532557  loss: 0.0247 (0.0349)  acc1: 99.2188 (98.9667)  acc5: 100.0000 (99.9496)  time: 0.0086  data: 0.0006  max mem: 101
Epoch: [7]  [ 40/469]  eta: 0:00:09  lr: 0.01  img/s: 11925.429529754103  loss: 0.0298 (0.0351)  acc1: 99.2188 (98.9329)  acc5: 100.0000 (99.9619)  time: 0.0095  data: 0.0002  max mem: 101
Epoch: [7]  [ 50/469]  eta: 0:00:08  lr: 0.01  img/s: 39045.15723636364  loss: 0.0177 (0.0319)  acc1: 99.2188 (99.0196)  acc5: 100.0000 (99.9694)  time: 0.0112  data: 0.0005  max mem: 101
Epoch: [7]  [ 60/469]  eta: 0:00:07  lr: 0.01  img/s: 12619.488799567496  loss: 0.0227 (0.0314)  acc1: 99.2188 (99.0138)  acc5: 100.0000 (99.9744)  time: 0.0104  data: 0.0008  max mem: 101
Epoch: [7]  [ 70/469]  eta: 0:00:07  lr: 0.01  img/s: 9871.309540882932  loss: 0.0227 (0.0298)  acc1: 99.2188 (99.0647)  acc5: 100.0000 (99.9780)  time: 0.0096  data: 0.0007  max mem: 101
Epoch: [7]  [ 80/469]  eta: 0:00:06  lr: 0.01  img/s: 44074.453000574664  loss: 0.0206 (0.0302)  acc1: 99.2188 (99.0644)  acc5: 100.0000 (99.9711)  time: 0.0096  data: 0.0014  max mem: 101
Epoch: [7]  [ 90/469]  eta: 0:00:06  lr: 0.01  img/s: 51218.36596069452  loss: 0.0248 (0.0300)  acc1: 99.2188 (99.0556)  acc5: 100.0000 (99.9657)  time: 0.0098  data: 0.0017  max mem: 101
Epoch: [7]  [100/469]  eta: 0:00:05  lr: 0.01  img/s: 37038.35198344257  loss: 0.0245 (0.0307)  acc1: 99.2188 (99.0022)  acc5: 100.0000 (99.9691)  time: 0.0084  data: 0.0007  max mem: 101
Epoch: [7]  [110/469]  eta: 0:00:05  lr: 0.01  img/s: 29600.866295418207  loss: 0.0400 (0.0320)  acc1: 98.4375 (98.9443)  acc5: 100.0000 (99.9718)  time: 0.0076  data: 0.0004  max mem: 101
Epoch: [7]  [120/469]  eta: 0:00:04  lr: 0.01  img/s: 13894.174741200828  loss: 0.0397 (0.0327)  acc1: 99.2188 (98.9605)  acc5: 100.0000 (99.9613)  time: 0.0102  data: 0.0007  max mem: 101
Epoch: [7]  [130/469]  eta: 0:00:04  lr: 0.01  img/s: 7224.552050812789  loss: 0.0286 (0.0322)  acc1: 99.2188 (98.9802)  acc5: 100.0000 (99.9642)  time: 0.0114  data: 0.0007  max mem: 101
Epoch: [7]  [140/469]  eta: 0:00:04  lr: 0.01  img/s: 5755.785708925221  loss: 0.0205 (0.0314)  acc1: 99.2188 (98.9971)  acc5: 100.0000 (99.9668)  time: 0.0107  data: 0.0005  max mem: 101
Epoch: [7]  [150/469]  eta: 0:00:04  lr: 0.01  img/s: 24801.16930752529  loss: 0.0313 (0.0321)  acc1: 99.2188 (98.9808)  acc5: 100.0000 (99.9690)  time: 0.0091  data: 0.0002  max mem: 101
Epoch: [7]  [160/469]  eta: 0:00:04  lr: 0.01  img/s: 33634.313494549555  loss: 0.0313 (0.0317)  acc1: 99.2188 (99.0004)  acc5: 100.0000 (99.9709)  time: 0.0088  data: 0.0008  max mem: 101
Epoch: [7]  [170/469]  eta: 0:00:03  lr: 0.01  img/s: 42180.30421118793  loss: 0.0264 (0.0317)  acc1: 99.2188 (98.9857)  acc5: 100.0000 (99.9726)  time: 0.0069  data: 0.0008  max mem: 101
Epoch: [7]  [180/469]  eta: 0:00:03  lr: 0.01  img/s: 38626.585509748904  loss: 0.0294 (0.0318)  acc1: 98.4375 (98.9770)  acc5: 100.0000 (99.9741)  time: 0.0059  data: 0.0005  max mem: 101
Epoch: [7]  [190/469]  eta: 0:00:03  lr: 0.01  img/s: 17767.76912893831  loss: 0.0313 (0.0318)  acc1: 99.2188 (98.9897)  acc5: 100.0000 (99.9755)  time: 0.0085  data: 0.0006  max mem: 101
Epoch: [7]  [200/469]  eta: 0:00:03  lr: 0.01  img/s: 38358.88196627608  loss: 0.0193 (0.0311)  acc1: 99.2188 (99.0050)  acc5: 100.0000 (99.9767)  time: 0.0084  data: 0.0003  max mem: 101
Epoch: [7]  [210/469]  eta: 0:00:03  lr: 0.01  img/s: 48180.10517813874  loss: 0.0192 (0.0309)  acc1: 99.2188 (99.0262)  acc5: 100.0000 (99.9778)  time: 0.0082  data: 0.0002  max mem: 101
Epoch: [7]  [220/469]  eta: 0:00:02  lr: 0.01  img/s: 26333.983028400453  loss: 0.0265 (0.0308)  acc1: 99.2188 (99.0243)  acc5: 100.0000 (99.9788)  time: 0.0074  data: 0.0007  max mem: 101
Epoch: [7]  [230/469]  eta: 0:00:02  lr: 0.01  img/s: 44358.49888457407  loss: 0.0275 (0.0308)  acc1: 99.2188 (99.0158)  acc5: 100.0000 (99.9797)  time: 0.0064  data: 0.0010  max mem: 101
Epoch: [7]  [240/469]  eta: 0:00:02  lr: 0.01  img/s: 43513.60933700762  loss: 0.0257 (0.0307)  acc1: 99.2188 (99.0048)  acc5: 100.0000 (99.9805)  time: 0.0080  data: 0.0013  max mem: 101
Epoch: [7]  [250/469]  eta: 0:00:02  lr: 0.01  img/s: 38092.16063573152  loss: 0.0209 (0.0305)  acc1: 99.2188 (99.0164)  acc5: 100.0000 (99.9813)  time: 0.0080  data: 0.0015  max mem: 101
Epoch: [7]  [260/469]  eta: 0:00:02  lr: 0.01  img/s: 26359.84249030294  loss: 0.0200 (0.0301)  acc1: 99.2188 (99.0272)  acc5: 100.0000 (99.9820)  time: 0.0064  data: 0.0005  max mem: 101
Epoch: [7]  [270/469]  eta: 0:00:02  lr: 0.01  img/s: 33514.633372869714  loss: 0.0212 (0.0307)  acc1: 99.2188 (99.0198)  acc5: 100.0000 (99.9827)  time: 0.0076  data: 0.0002  max mem: 101
Epoch: [7]  [280/469]  eta: 0:00:02  lr: 0.01  img/s: 13399.9978035692  loss: 0.0213 (0.0310)  acc1: 98.4375 (99.0130)  acc5: 100.0000 (99.9833)  time: 0.0087  data: 0.0002  max mem: 101
Epoch: [7]  [290/469]  eta: 0:00:01  lr: 0.01  img/s: 8169.934594372498  loss: 0.0213 (0.0311)  acc1: 99.2188 (99.0147)  acc5: 100.0000 (99.9839)  time: 0.0095  data: 0.0006  max mem: 101
Epoch: [7]  [300/469]  eta: 0:00:01  lr: 0.01  img/s: 43701.33593813594  loss: 0.0266 (0.0314)  acc1: 99.2188 (99.0059)  acc5: 100.0000 (99.9844)  time: 0.0073  data: 0.0008  max mem: 101
Epoch: [7]  [310/469]  eta: 0:00:01  lr: 0.01  img/s: 34311.42787754841  loss: 0.0294 (0.0317)  acc1: 98.4375 (98.9952)  acc5: 100.0000 (99.9849)  time: 0.0048  data: 0.0009  max mem: 101
Epoch: [7]  [320/469]  eta: 0:00:01  lr: 0.01  img/s: 15875.300490862854  loss: 0.0288 (0.0318)  acc1: 98.4375 (98.9802)  acc5: 100.0000 (99.9854)  time: 0.0064  data: 0.0012  max mem: 101
Epoch: [7]  [330/469]  eta: 0:00:01  lr: 0.01  img/s: 37725.45232239477  loss: 0.0299 (0.0318)  acc1: 99.2188 (98.9780)  acc5: 100.0000 (99.9858)  time: 0.0076  data: 0.0015  max mem: 101
Epoch: [7]  [340/469]  eta: 0:00:01  lr: 0.01  img/s: 23142.982670919908  loss: 0.0295 (0.0318)  acc1: 99.2188 (98.9805)  acc5: 100.0000 (99.9863)  time: 0.0091  data: 0.0010  max mem: 101
Epoch: [7]  [350/469]  eta: 0:00:01  lr: 0.01  img/s: 53854.0387200321  loss: 0.0225 (0.0318)  acc1: 99.2188 (98.9784)  acc5: 100.0000 (99.9866)  time: 0.0090  data: 0.0010  max mem: 101
Epoch: [7]  [360/469]  eta: 0:00:01  lr: 0.01  img/s: 19812.19691490147  loss: 0.0299 (0.0320)  acc1: 99.2188 (98.9742)  acc5: 100.0000 (99.9870)  time: 0.0080  data: 0.0018  max mem: 101
Epoch: [7]  [370/469]  eta: 0:00:00  lr: 0.01  img/s: 11150.198591871067  loss: 0.0296 (0.0319)  acc1: 99.2188 (98.9808)  acc5: 100.0000 (99.9874)  time: 0.0082  data: 0.0017  max mem: 101
Epoch: [7]  [380/469]  eta: 0:00:00  lr: 0.01  img/s: 18805.244036568707  loss: 0.0234 (0.0320)  acc1: 99.2188 (98.9727)  acc5: 100.0000 (99.9877)  time: 0.0099  data: 0.0009  max mem: 101
Epoch: [7]  [390/469]  eta: 0:00:00  lr: 0.01  img/s: 36204.12111403331  loss: 0.0255 (0.0321)  acc1: 99.2188 (98.9750)  acc5: 100.0000 (99.9880)  time: 0.0096  data: 0.0005  max mem: 101
Epoch: [7]  [400/469]  eta: 0:00:00  lr: 0.01  img/s: 33748.48579331154  loss: 0.0196 (0.0318)  acc1: 99.2188 (98.9791)  acc5: 100.0000 (99.9883)  time: 0.0074  data: 0.0007  max mem: 101
Epoch: [7]  [410/469]  eta: 0:00:00  lr: 0.01  img/s: 17386.842152989182  loss: 0.0204 (0.0320)  acc1: 99.2188 (98.9792)  acc5: 100.0000 (99.9886)  time: 0.0072  data: 0.0007  max mem: 101
Epoch: [7]  [420/469]  eta: 0:00:00  lr: 0.01  img/s: 22504.649228705566  loss: 0.0210 (0.0320)  acc1: 99.2188 (98.9849)  acc5: 100.0000 (99.9889)  time: 0.0081  data: 0.0009  max mem: 101
Epoch: [7]  [430/469]  eta: 0:00:00  lr: 0.01  img/s: 16658.524016383268  loss: 0.0203 (0.0320)  acc1: 99.2188 (98.9831)  acc5: 100.0000 (99.9891)  time: 0.0087  data: 0.0006  max mem: 101
Epoch: [7]  [440/469]  eta: 0:00:00  lr: 0.01  img/s: 15612.612673394015  loss: 0.0185 (0.0318)  acc1: 99.2188 (98.9902)  acc5: 100.0000 (99.9894)  time: 0.0090  data: 0.0018  max mem: 101
Epoch: [7]  [450/469]  eta: 0:00:00  lr: 0.01  img/s: 53298.01568549588  loss: 0.0236 (0.0318)  acc1: 99.2188 (98.9884)  acc5: 100.0000 (99.9896)  time: 0.0076  data: 0.0018  max mem: 101
Epoch: [7]  [460/469]  eta: 0:00:00  lr: 0.01  img/s: 56727.695688926455  loss: 0.0368 (0.0319)  acc1: 98.4375 (98.9781)  acc5: 100.0000 (99.9898)  time: 0.0038  data: 0.0001  max mem: 101
Epoch: [7] Total time: 0:00:04
Test:   [ 0/79]  eta: 0:00:42  loss: 0.0183 (0.0183)  acc1: 99.2188 (99.2188)  acc5: 100.0000 (100.0000)  time: 0.5335  data: 0.5284  max mem: 101
Test:  Total time: 0:00:01
Test:  Acc@1 98.900 Acc@5 99.980
Epoch: [8]  [  0/469]  eta: 0:04:31  lr: 0.01  img/s: 20043.715213739033  loss: 0.0333 (0.0333)  acc1: 99.2188 (99.2188)  acc5: 100.0000 (100.0000)  time: 0.5778  data: 0.5714  max mem: 101
Epoch: [8]  [ 10/469]  eta: 0:00:32  lr: 0.01  img/s: 9345.987605319964  loss: 0.0323 (0.0308)  acc1: 99.2188 (99.0767)  acc5: 100.0000 (100.0000)  time: 0.0709  data: 0.0631  max mem: 101
Epoch: [8]  [ 20/469]  eta: 0:00:18  lr: 0.01  img/s: 15378.714179318247  loss: 0.0208 (0.0262)  acc1: 99.2188 (99.2560)  acc5: 100.0000 (100.0000)  time: 0.0149  data: 0.0062  max mem: 101
Epoch: [8]  [ 30/469]  eta: 0:00:13  lr: 0.01  img/s: 23217.043418093755  loss: 0.0144 (0.0239)  acc1: 99.2188 (99.3700)  acc5: 100.0000 (100.0000)  time: 0.0085  data: 0.0004  max mem: 101
Epoch: [8]  [ 40/469]  eta: 0:00:10  lr: 0.01  img/s: 13586.85306473655  loss: 0.0148 (0.0233)  acc1: 99.2188 (99.3521)  acc5: 100.0000 (100.0000)  time: 0.0072  data: 0.0005  max mem: 101
Epoch: [8]  [ 50/469]  eta: 0:00:09  lr: 0.01  img/s: 32742.020613526864  loss: 0.0169 (0.0228)  acc1: 99.2188 (99.3260)  acc5: 100.0000 (100.0000)  time: 0.0076  data: 0.0007  max mem: 101
Epoch: [8]  [ 60/469]  eta: 0:00:07  lr: 0.01  img/s: 14377.903374397429  loss: 0.0222 (0.0237)  acc1: 99.2188 (99.3212)  acc5: 100.0000 (100.0000)  time: 0.0082  data: 0.0008  max mem: 101
Epoch: [8]  [ 70/469]  eta: 0:00:07  lr: 0.01  img/s: 43094.47038047841  loss: 0.0153 (0.0227)  acc1: 99.2188 (99.3618)  acc5: 100.0000 (99.9890)  time: 0.0098  data: 0.0010  max mem: 101
Epoch: [8]  [ 80/469]  eta: 0:00:06  lr: 0.01  img/s: 8973.872764349948  loss: 0.0113 (0.0216)  acc1: 100.0000 (99.3924)  acc5: 100.0000 (99.9904)  time: 0.0107  data: 0.0011  max mem: 101
Epoch: [8]  [ 90/469]  eta: 0:00:06  lr: 0.01  img/s: 13726.852087647976  loss: 0.0110 (0.0214)  acc1: 100.0000 (99.3819)  acc5: 100.0000 (99.9914)  time: 0.0091  data: 0.0007  max mem: 101
Epoch: [8]  [100/469]  eta: 0:00:05  lr: 0.01  img/s: 26442.935132739003  loss: 0.0192 (0.0226)  acc1: 99.2188 (99.3425)  acc5: 100.0000 (99.9923)  time: 0.0081  data: 0.0006  max mem: 101
Epoch: [8]  [110/469]  eta: 0:00:05  lr: 0.01  img/s: 38560.00229835524  loss: 0.0146 (0.0218)  acc1: 99.2188 (99.3595)  acc5: 100.0000 (99.9930)  time: 0.0095  data: 0.0006  max mem: 101
Epoch: [8]  [120/469]  eta: 0:00:05  lr: 0.01  img/s: 22798.034396365027  loss: 0.0146 (0.0221)  acc1: 99.2188 (99.3350)  acc5: 100.0000 (99.9935)  time: 0.0095  data: 0.0003  max mem: 101
Epoch: [8]  [130/469]  eta: 0:00:04  lr: 0.01  img/s: 18811.174211632795  loss: 0.0162 (0.0219)  acc1: 99.2188 (99.3500)  acc5: 100.0000 (99.9940)  time: 0.0092  data: 0.0010  max mem: 101
Epoch: [8]  [140/469]  eta: 0:00:04  lr: 0.01  img/s: 15922.85529554824  loss: 0.0192 (0.0228)  acc1: 99.2188 (99.3129)  acc5: 100.0000 (99.9945)  time: 0.0089  data: 0.0012  max mem: 101
Epoch: [8]  [150/469]  eta: 0:00:04  lr: 0.01  img/s: 7878.361024286448  loss: 0.0342 (0.0239)  acc1: 98.4375 (99.2653)  acc5: 100.0000 (99.9948)  time: 0.0100  data: 0.0013  max mem: 101
Epoch: [8]  [160/469]  eta: 0:00:04  lr: 0.01  img/s: 11055.143051294195  loss: 0.0234 (0.0243)  acc1: 99.2188 (99.2527)  acc5: 100.0000 (99.9903)  time: 0.0106  data: 0.0017  max mem: 101
Epoch: [8]  [170/469]  eta: 0:00:03  lr: 0.01  img/s: 46381.93624190065  loss: 0.0235 (0.0247)  acc1: 99.2188 (99.2325)  acc5: 100.0000 (99.9909)  time: 0.0088  data: 0.0008  max mem: 101
Epoch: [8]  [180/469]  eta: 0:00:03  lr: 0.01  img/s: 23955.68747490072  loss: 0.0235 (0.0248)  acc1: 99.2188 (99.2231)  acc5: 100.0000 (99.9914)  time: 0.0085  data: 0.0005  max mem: 101
Epoch: [8]  [190/469]  eta: 0:00:03  lr: 0.01  img/s: 23471.81882568968  loss: 0.0274 (0.0254)  acc1: 99.2188 (99.1983)  acc5: 100.0000 (99.9877)  time: 0.0084  data: 0.0005  max mem: 101
Epoch: [8]  [200/469]  eta: 0:00:03  lr: 0.01  img/s: 43966.17082957989  loss: 0.0183 (0.0255)  acc1: 99.2188 (99.1954)  acc5: 100.0000 (99.9883)  time: 0.0094  data: 0.0007  max mem: 101
Epoch: [8]  [210/469]  eta: 0:00:03  lr: 0.01  img/s: 44376.83187303686  loss: 0.0190 (0.0257)  acc1: 99.2188 (99.1891)  acc5: 100.0000 (99.9889)  time: 0.0085  data: 0.0007  max mem: 101
Epoch: [8]  [220/469]  eta: 0:00:02  lr: 0.01  img/s: 10274.058214524926  loss: 0.0235 (0.0265)  acc1: 99.2188 (99.1763)  acc5: 100.0000 (99.9894)  time: 0.0070  data: 0.0004  max mem: 101
Epoch: [8]  [230/469]  eta: 0:00:02  lr: 0.01  img/s: 15419.349531851341  loss: 0.0213 (0.0268)  acc1: 99.2188 (99.1680)  acc5: 100.0000 (99.9899)  time: 0.0082  data: 0.0013  max mem: 101
Epoch: [8]  [240/469]  eta: 0:00:02  lr: 0.01  img/s: 28087.83676886052  loss: 0.0192 (0.0268)  acc1: 99.2188 (99.1734)  acc5: 100.0000 (99.9903)  time: 0.0097  data: 0.0015  max mem: 101
Epoch: [8]  [250/469]  eta: 0:00:02  lr: 0.01  img/s: 26843.5456  loss: 0.0224 (0.0271)  acc1: 99.2188 (99.1658)  acc5: 100.0000 (99.9907)  time: 0.0095  data: 0.0011  max mem: 101
Epoch: [8]  [260/469]  eta: 0:00:02  lr: 0.01  img/s: 15636.713228869343  loss: 0.0224 (0.0272)  acc1: 99.2188 (99.1589)  acc5: 100.0000 (99.9910)  time: 0.0100  data: 0.0014  max mem: 101
Epoch: [8]  [270/469]  eta: 0:00:02  lr: 0.01  img/s: 11521.824019229118  loss: 0.0192 (0.0270)  acc1: 99.2188 (99.1640)  acc5: 100.0000 (99.9914)  time: 0.0120  data: 0.0017  max mem: 101
Epoch: [8]  [280/469]  eta: 0:00:02  lr: 0.01  img/s: 45984.660556745184  loss: 0.0230 (0.0274)  acc1: 99.2188 (99.1465)  acc5: 100.0000 (99.9917)  time: 0.0104  data: 0.0012  max mem: 101
Epoch: [8]  [290/469]  eta: 0:00:02  lr: 0.01  img/s: 10439.881614000973  loss: 0.0252 (0.0275)  acc1: 98.4375 (99.1409)  acc5: 100.0000 (99.9919)  time: 0.0094  data: 0.0007  max mem: 101
Epoch: [8]  [300/469]  eta: 0:00:01  lr: 0.01  img/s: 33672.28499749122  loss: 0.0246 (0.0274)  acc1: 99.2188 (99.1357)  acc5: 100.0000 (99.9922)  time: 0.0098  data: 0.0004  max mem: 101
Epoch: [8]  [310/469]  eta: 0:00:01  lr: 0.01  img/s: 22627.0034981245  loss: 0.0269 (0.0275)  acc1: 99.2188 (99.1258)  acc5: 100.0000 (99.9925)  time: 0.0072  data: 0.0003  max mem: 101
Epoch: [8]  [320/469]  eta: 0:00:01  lr: 0.01  img/s: 36789.61913246077  loss: 0.0178 (0.0272)  acc1: 99.2188 (99.1360)  acc5: 100.0000 (99.9927)  time: 0.0067  data: 0.0007  max mem: 101
Epoch: [8]  [330/469]  eta: 0:00:01  lr: 0.01  img/s: 46000.42087224745  loss: 0.0178 (0.0274)  acc1: 99.2188 (99.1361)  acc5: 100.0000 (99.9929)  time: 0.0072  data: 0.0011  max mem: 101
Epoch: [8]  [340/469]  eta: 0:00:01  lr: 0.01  img/s: 36402.96392731218  loss: 0.0212 (0.0274)  acc1: 99.2188 (99.1317)  acc5: 100.0000 (99.9931)  time: 0.0055  data: 0.0007  max mem: 101
Epoch: [8]  [350/469]  eta: 0:00:01  lr: 0.01  img/s: 22102.54886784685  loss: 0.0225 (0.0274)  acc1: 99.2188 (99.1230)  acc5: 100.0000 (99.9933)  time: 0.0046  data: 0.0003  max mem: 101
Epoch: [8]  [360/469]  eta: 0:00:01  lr: 0.01  img/s: 23006.124100102847  loss: 0.0265 (0.0274)  acc1: 99.2188 (99.1235)  acc5: 100.0000 (99.9935)  time: 0.0055  data: 0.0004  max mem: 101
Epoch: [8]  [370/469]  eta: 0:00:01  lr: 0.01  img/s: 10827.939816869026  loss: 0.0217 (0.0275)  acc1: 99.2188 (99.1092)  acc5: 100.0000 (99.9937)  time: 0.0079  data: 0.0005  max mem: 101
Epoch: [8]  [380/469]  eta: 0:00:00  lr: 0.01  img/s: 37066.481082573875  loss: 0.0230 (0.0276)  acc1: 99.2188 (99.1101)  acc5: 100.0000 (99.9938)  time: 0.0091  data: 0.0009  max mem: 101
Epoch: [8]  [390/469]  eta: 0:00:00  lr: 0.01  img/s: 34627.89680082559  loss: 0.0276 (0.0278)  acc1: 99.2188 (99.1069)  acc5: 100.0000 (99.9940)  time: 0.0089  data: 0.0010  max mem: 101
Epoch: [8]  [400/469]  eta: 0:00:00  lr: 0.01  img/s: 34304.850607028755  loss: 0.0183 (0.0276)  acc1: 99.2188 (99.1155)  acc5: 100.0000 (99.9922)  time: 0.0087  data: 0.0009  max mem: 101
Epoch: [8]  [410/469]  eta: 0:00:00  lr: 0.01  img/s: 13199.688048582599  loss: 0.0243 (0.0279)  acc1: 99.2188 (99.1066)  acc5: 100.0000 (99.9924)  time: 0.0086  data: 0.0012  max mem: 101
Epoch: [8]  [420/469]  eta: 0:00:00  lr: 0.01  img/s: 8017.905165847757  loss: 0.0296 (0.0282)  acc1: 98.4375 (99.0944)  acc5: 100.0000 (99.9926)  time: 0.0091  data: 0.0012  max mem: 101
Epoch: [8]  [430/469]  eta: 0:00:00  lr: 0.01  img/s: 13799.535072612774  loss: 0.0181 (0.0281)  acc1: 99.2188 (99.0937)  acc5: 100.0000 (99.9927)  time: 0.0086  data: 0.0012  max mem: 101
Epoch: [8]  [440/469]  eta: 0:00:00  lr: 0.01  img/s: 16378.501845693889  loss: 0.0172 (0.0282)  acc1: 99.2188 (99.0859)  acc5: 100.0000 (99.9929)  time: 0.0117  data: 0.0040  max mem: 101
Epoch: [8]  [450/469]  eta: 0:00:00  lr: 0.01  img/s: 42170.36462178933  loss: 0.0284 (0.0282)  acc1: 98.4375 (99.0836)  acc5: 100.0000 (99.9931)  time: 0.0099  data: 0.0033  max mem: 101
Epoch: [8]  [460/469]  eta: 0:00:00  lr: 0.01  img/s: 41386.903484427996  loss: 0.0227 (0.0281)  acc1: 99.2188 (99.0916)  acc5: 100.0000 (99.9932)  time: 0.0043  data: 0.0001  max mem: 101
Epoch: [8] Total time: 0:00:04
Test:   [ 0/79]  eta: 0:00:42  loss: 0.0087 (0.0087)  acc1: 100.0000 (100.0000)  acc5: 100.0000 (100.0000)  time: 0.5370  data: 0.5241  max mem: 101
Test:  Total time: 0:00:01
Test:  Acc@1 98.780 Acc@5 100.000
Epoch: [9]  [  0/469]  eta: 0:04:19  lr: 0.01  img/s: 20485.78288243599  loss: 0.0078 (0.0078)  acc1: 100.0000 (100.0000)  acc5: 100.0000 (100.0000)  time: 0.5530  data: 0.5467  max mem: 101
Epoch: [9]  [ 10/469]  eta: 0:00:28  lr: 0.01  img/s: 27065.48255696713  loss: 0.0107 (0.0158)  acc1: 99.2188 (99.3608)  acc5: 100.0000 (100.0000)  time: 0.0629  data: 0.0557  max mem: 101
Epoch: [9]  [ 20/469]  eta: 0:00:17  lr: 0.01  img/s: 9634.464718972076  loss: 0.0125 (0.0188)  acc1: 99.2188 (99.4048)  acc5: 100.0000 (100.0000)  time: 0.0122  data: 0.0047  max mem: 101
Epoch: [9]  [ 30/469]  eta: 0:00:11  lr: 0.01  img/s: 16495.25031492918  loss: 0.0128 (0.0180)  acc1: 100.0000 (99.4456)  acc5: 100.0000 (100.0000)  time: 0.0077  data: 0.0015  max mem: 101
Epoch: [9]  [ 40/469]  eta: 0:00:09  lr: 0.01  img/s: 36511.895538628945  loss: 0.0114 (0.0178)  acc1: 100.0000 (99.4855)  acc5: 100.0000 (100.0000)  time: 0.0078  data: 0.0005  max mem: 101
Epoch: [9]  [ 50/469]  eta: 0:00:08  lr: 0.01  img/s: 12264.607118380774  loss: 0.0114 (0.0178)  acc1: 100.0000 (99.4792)  acc5: 100.0000 (100.0000)  time: 0.0094  data: 0.0007  max mem: 101
Epoch: [9]  [ 60/469]  eta: 0:00:07  lr: 0.01  img/s: 25628.743173572657  loss: 0.0095 (0.0174)  acc1: 100.0000 (99.4749)  acc5: 100.0000 (100.0000)  time: 0.0074  data: 0.0005  max mem: 101
Epoch: [9]  [ 70/469]  eta: 0:00:06  lr: 0.01  img/s: 40436.16118098968  loss: 0.0146 (0.0197)  acc1: 99.2188 (99.4168)  acc5: 100.0000 (100.0000)  time: 0.0084  data: 0.0010  max mem: 101
Epoch: [9]  [ 80/469]  eta: 0:00:06  lr: 0.01  img/s: 37559.17951588079  loss: 0.0184 (0.0197)  acc1: 99.2188 (99.4117)  acc5: 100.0000 (100.0000)  time: 0.0107  data: 0.0010  max mem: 101
Epoch: [9]  [ 90/469]  eta: 0:00:05  lr: 0.01  img/s: 17902.858209950646  loss: 0.0122 (0.0197)  acc1: 99.2188 (99.3990)  acc5: 100.0000 (100.0000)  time: 0.0096  data: 0.0008  max mem: 101
Epoch: [9]  [100/469]  eta: 0:00:05  lr: 0.01  img/s: 9074.897092630155  loss: 0.0102 (0.0199)  acc1: 99.2188 (99.4044)  acc5: 100.0000 (100.0000)  time: 0.0088  data: 0.0012  max mem: 101
Epoch: [9]  [110/469]  eta: 0:00:05  lr: 0.01  img/s: 28389.345460314104  loss: 0.0154 (0.0202)  acc1: 99.2188 (99.4017)  acc5: 100.0000 (100.0000)  time: 0.0089  data: 0.0007  max mem: 101
Epoch: [9]  [120/469]  eta: 0:00:04  lr: 0.01  img/s: 43687.11140043942  loss: 0.0137 (0.0198)  acc1: 99.2188 (99.4124)  acc5: 100.0000 (100.0000)  time: 0.0095  data: 0.0003  max mem: 101
Epoch: [9]  [130/469]  eta: 0:00:04  lr: 0.01  img/s: 14002.16243284127  loss: 0.0150 (0.0219)  acc1: 99.2188 (99.3917)  acc5: 100.0000 (99.9940)  time: 0.0085  data: 0.0002  max mem: 101
Epoch: [9]  [140/469]  eta: 0:00:04  lr: 0.01  img/s: 24759.99225199465  loss: 0.0242 (0.0220)  acc1: 99.2188 (99.3850)  acc5: 100.0000 (99.9945)  time: 0.0064  data: 0.0003  max mem: 101
Epoch: [9]  [150/469]  eta: 0:00:03  lr: 0.01  img/s: 43790.44959216966  loss: 0.0181 (0.0228)  acc1: 99.2188 (99.3429)  acc5: 100.0000 (99.9948)  time: 0.0058  data: 0.0006  max mem: 101
Epoch: [9]  [160/469]  eta: 0:00:03  lr: 0.01  img/s: 35009.51496576459  loss: 0.0195 (0.0229)  acc1: 99.2188 (99.3207)  acc5: 100.0000 (99.9951)  time: 0.0067  data: 0.0005  max mem: 101
Epoch: [9]  [170/469]  eta: 0:00:03  lr: 0.01  img/s: 47447.71648254529  loss: 0.0196 (0.0230)  acc1: 99.2188 (99.3101)  acc5: 100.0000 (99.9954)  time: 0.0084  data: 0.0008  max mem: 101
Epoch: [9]  [180/469]  eta: 0:00:03  lr: 0.01  img/s: 29332.39971589357  loss: 0.0153 (0.0225)  acc1: 99.2188 (99.3051)  acc5: 100.0000 (99.9957)  time: 0.0085  data: 0.0008  max mem: 101
Epoch: [9]  [190/469]  eta: 0:00:03  lr: 0.01  img/s: 39216.282834185535  loss: 0.0151 (0.0226)  acc1: 99.2188 (99.3006)  acc5: 100.0000 (99.9959)  time: 0.0080  data: 0.0002  max mem: 101
Epoch: [9]  [200/469]  eta: 0:00:03  lr: 0.01  img/s: 30828.0741889176  loss: 0.0135 (0.0225)  acc1: 99.2188 (99.3004)  acc5: 100.0000 (99.9961)  time: 0.0076  data: 0.0002  max mem: 101
Epoch: [9]  [210/469]  eta: 0:00:02  lr: 0.01  img/s: 49765.564701520205  loss: 0.0135 (0.0229)  acc1: 99.2188 (99.2743)  acc5: 100.0000 (99.9963)  time: 0.0078  data: 0.0004  max mem: 101
Epoch: [9]  [220/469]  eta: 0:00:02  lr: 0.01  img/s: 12921.391898721991  loss: 0.0258 (0.0237)  acc1: 99.2188 (99.2506)  acc5: 100.0000 (99.9965)  time: 0.0083  data: 0.0004  max mem: 101
Epoch: [9]  [230/469]  eta: 0:00:02  lr: 0.01  img/s: 25100.32783206321  loss: 0.0284 (0.0239)  acc1: 99.2188 (99.2289)  acc5: 100.0000 (99.9966)  time: 0.0086  data: 0.0002  max mem: 101
Epoch: [9]  [240/469]  eta: 0:00:02  lr: 0.01  img/s: 20271.519105875246  loss: 0.0236 (0.0239)  acc1: 99.2188 (99.2220)  acc5: 100.0000 (99.9968)  time: 0.0070  data: 0.0002  max mem: 101
Epoch: [9]  [250/469]  eta: 0:00:02  lr: 0.01  img/s: 29446.627468187802  loss: 0.0199 (0.0241)  acc1: 99.2188 (99.2188)  acc5: 100.0000 (99.9969)  time: 0.0081  data: 0.0006  max mem: 101
Epoch: [9]  [260/469]  eta: 0:00:02  lr: 0.01  img/s: 30324.836873023047  loss: 0.0199 (0.0242)  acc1: 99.2188 (99.2098)  acc5: 100.0000 (99.9970)  time: 0.0096  data: 0.0007  max mem: 101
Epoch: [9]  [270/469]  eta: 0:00:02  lr: 0.01  img/s: 9908.29233722132  loss: 0.0168 (0.0244)  acc1: 99.2188 (99.2101)  acc5: 100.0000 (99.9971)  time: 0.0093  data: 0.0014  max mem: 101
Epoch: [9]  [280/469]  eta: 0:00:01  lr: 0.01  img/s: 11823.006716730164  loss: 0.0232 (0.0246)  acc1: 99.2188 (99.2021)  acc5: 100.0000 (99.9944)  time: 0.0094  data: 0.0013  max mem: 101
Epoch: [9]  [290/469]  eta: 0:00:01  lr: 0.01  img/s: 15128.238052299368  loss: 0.0206 (0.0245)  acc1: 99.2188 (99.1946)  acc5: 100.0000 (99.9946)  time: 0.0103  data: 0.0004  max mem: 101
Epoch: [9]  [300/469]  eta: 0:00:01  lr: 0.01  img/s: 27406.754402981263  loss: 0.0206 (0.0246)  acc1: 99.2188 (99.1954)  acc5: 100.0000 (99.9948)  time: 0.0102  data: 0.0007  max mem: 101
Epoch: [9]  [310/469]  eta: 0:00:01  lr: 0.01  img/s: 33535.56824286339  loss: 0.0206 (0.0245)  acc1: 99.2188 (99.1936)  acc5: 100.0000 (99.9950)  time: 0.0087  data: 0.0005  max mem: 101
Epoch: [9]  [320/469]  eta: 0:00:01  lr: 0.01  img/s: 20850.165520991108  loss: 0.0188 (0.0244)  acc1: 99.2188 (99.1968)  acc5: 100.0000 (99.9951)  time: 0.0087  data: 0.0002  max mem: 101
Epoch: [9]  [330/469]  eta: 0:00:01  lr: 0.01  img/s: 21063.673571876963  loss: 0.0155 (0.0244)  acc1: 99.2188 (99.1999)  acc5: 100.0000 (99.9953)  time: 0.0081  data: 0.0002  max mem: 101
Epoch: [9]  [340/469]  eta: 0:00:01  lr: 0.01  img/s: 10987.943348342202  loss: 0.0178 (0.0247)  acc1: 99.2188 (99.1935)  acc5: 100.0000 (99.9954)  time: 0.0085  data: 0.0002  max mem: 101
Epoch: [9]  [350/469]  eta: 0:00:01  lr: 0.01  img/s: 31240.66988652895  loss: 0.0234 (0.0247)  acc1: 99.2188 (99.1898)  acc5: 100.0000 (99.9955)  time: 0.0098  data: 0.0003  max mem: 101
Epoch: [9]  [360/469]  eta: 0:00:01  lr: 0.01  img/s: 35808.10458213833  loss: 0.0234 (0.0250)  acc1: 99.2188 (99.1863)  acc5: 100.0000 (99.9957)  time: 0.0099  data: 0.0003  max mem: 101
Epoch: [9]  [370/469]  eta: 0:00:01  lr: 0.01  img/s: 19693.012691658718  loss: 0.0170 (0.0249)  acc1: 99.2188 (99.1935)  acc5: 100.0000 (99.9958)  time: 0.0108  data: 0.0002  max mem: 101
Epoch: [9]  [380/469]  eta: 0:00:00  lr: 0.01  img/s: 7260.114026072375  loss: 0.0110 (0.0247)  acc1: 99.2188 (99.1982)  acc5: 100.0000 (99.9959)  time: 0.0105  data: 0.0002  max mem: 101
Epoch: [9]  [390/469]  eta: 0:00:00  lr: 0.01  img/s: 18776.962506994965  loss: 0.0087 (0.0245)  acc1: 100.0000 (99.2068)  acc5: 100.0000 (99.9960)  time: 0.0081  data: 0.0005  max mem: 101
Epoch: [9]  [400/469]  eta: 0:00:00  lr: 0.01  img/s: 9149.5971505019  loss: 0.0111 (0.0244)  acc1: 100.0000 (99.2129)  acc5: 100.0000 (99.9961)  time: 0.0073  data: 0.0007  max mem: 101
Epoch: [9]  [410/469]  eta: 0:00:00  lr: 0.01  img/s: 35320.454736842104  loss: 0.0166 (0.0244)  acc1: 100.0000 (99.2188)  acc5: 100.0000 (99.9962)  time: 0.0077  data: 0.0010  max mem: 101
Epoch: [9]  [420/469]  eta: 0:00:00  lr: 0.01  img/s: 42440.38830039526  loss: 0.0189 (0.0246)  acc1: 99.2188 (99.2095)  acc5: 100.0000 (99.9963)  time: 0.0093  data: 0.0020  max mem: 101
Epoch: [9]  [430/469]  eta: 0:00:00  lr: 0.01  img/s: 17727.287832260194  loss: 0.0265 (0.0246)  acc1: 99.2188 (99.2115)  acc5: 100.0000 (99.9964)  time: 0.0092  data: 0.0014  max mem: 101
Epoch: [9]  [440/469]  eta: 0:00:00  lr: 0.01  img/s: 19578.823237664565  loss: 0.0187 (0.0245)  acc1: 99.2188 (99.2099)  acc5: 100.0000 (99.9965)  time: 0.0113  data: 0.0017  max mem: 101
Epoch: [9]  [450/469]  eta: 0:00:00  lr: 0.01  img/s: 45590.260869565216  loss: 0.0177 (0.0246)  acc1: 99.2188 (99.2049)  acc5: 100.0000 (99.9965)  time: 0.0087  data: 0.0016  max mem: 101
Epoch: [9]  [460/469]  eta: 0:00:00  lr: 0.01  img/s: 22505.592622091805  loss: 0.0177 (0.0247)  acc1: 99.2188 (99.2052)  acc5: 100.0000 (99.9966)  time: 0.0037  data: 0.0001  max mem: 101
Epoch: [9] Total time: 0:00:04
Test:   [ 0/79]  eta: 0:00:40  loss: 0.0049 (0.0049)  acc1: 100.0000 (100.0000)  acc5: 100.0000 (100.0000)  time: 0.5131  data: 0.4902  max mem: 101
Test:  Total time: 0:00:01
Test:  Acc@1 98.920 Acc@5 99.980
Training time 0:00:56
